E1106 16:33:08.985399    9268 dev.go:79] Failed to load initial config from "/home/user/byggpilot4/dataconnect": could not find dataconnect.yaml in `/home/user/byggpilot4/dataconnect`
E1106 16:33:08.987380    9268 watch.go:102] watchAllDir unable to walk dir `/home/user/byggpilot4/dataconnect`: lstat /home/user/byggpilot4/dataconnect: no such file or directory
I1106 16:33:09.054884    9268 dev.go:102] Listening on address (HTTP + gRPC): 127.0.0.1:50001
E1106 16:33:18.989555    9268 watch.go:31] Failed to load config from "/home/user/byggpilot4/dataconnect": could not find dataconnect.yaml in `/home/user/byggpilot4/dataconnect`
E1106 16:33:28.993616    9268 watch.go:31] Failed to load config from "/home/user/byggpilot4/dataconnect": could not find dataconnect.yaml in `/home/user/byggpilot4/dataconnect`
E1106 16:33:38.989589    9268 watch.go:31] Failed to load config from "/home/user/byggpilot4/dataconnect": could not find dataconnect.yaml in `/home/user/byggpilot4/dataconnect`
E1106 16:33:48.987837    9268 watch.go:31] Failed to load config from "/home/user/byggpilot4/dataconnect": could not find dataconnect.yaml in `/home/user/byggpilot4/dataconnect`
E1106 16:33:58.993817    9268 watch.go:31] Failed to load config from "/home/user/byggpilot4/dataconnect": could not find dataconnect.yaml in `/home/user/byggpilot4/dataconnect`
E1106 16:34:08.988364    9268 watch.go:31] Failed to load config from "/home/user/byggpilot4/dataconnect": could not find dataconnect.yaml in `/home/user/byggpilot4/dataconnect`
E1106 16:34:18.996633    9268 watch.go:31] Failed to load config from "/home/user/byggpilot4/dataconnect": could not find dataconnect.yaml in `/home/user/byggpilot4/dataconnect`
E1106 16:34:28.993655    9268 watch.go:31] Failed to load config from "/home/user/byggpilot4/dataconnect": could not find dataconnect.yaml in `/home/user/byggpilot4/dataconnect`
E1106 16:34:38.988295    9268 watch.go:31] Failed to load config from "/home/user/byggpilot4/dataconnect": could not find dataconnect.yaml in `/home/user/byggpilot4/dataconnect`
E1106 16:34:48.988066    9268 watch.go:31] Failed to load config from "/home/user/byggpilot4/dataconnect": could not find dataconnect.yaml in `/home/user/byggpilot4/dataconnect`
E1106 16:34:58.994674    9268 watch.go:31] Failed to load config from "/home/user/byggpilot4/dataconnect": could not find dataconnect.yaml in `/home/user/byggpilot4/dataconnect`
E1106 16:35:08.988218    9268 watch.go:31] Failed to load config from "/home/user/byggpilot4/dataconnect": could not find dataconnect.yaml in `/home/user/byggpilot4/dataconnect`
E1106 16:35:08.988294    9268 watch.go:102] watchAllDir unable to walk dir `/home/user/byggpilot4/dataconnect`: lstat /home/user/byggpilot4/dataconnect: no such file or directory
E1106 16:35:18.988224    9268 watch.go:31] Failed to load config from "/home/user/byggpilot4/dataconnect": could not find dataconnect.yaml in `/home/user/byggpilot4/dataconnect`
E1106 16:35:28.994823    9268 watch.go:31] Failed to load config from "/home/user/byggpilot4/dataconnect": could not find dataconnect.yaml in `/home/user/byggpilot4/dataconnect`
E1106 16:35:38.988465    9268 watch.go:31] Failed to load config from "/home/user/byggpilot4/dataconnect": could not find dataconnect.yaml in `/home/user/byggpilot4/dataconnect`
E1106 16:35:48.988036    9268 watch.go:31] Failed to load config from "/home/user/byggpilot4/dataconnect": could not find dataconnect.yaml in `/home/user/byggpilot4/dataconnect`
E1106 16:35:58.993739    9268 watch.go:31] Failed to load config from "/home/user/byggpilot4/dataconnect": could not find dataconnect.yaml in `/home/user/byggpilot4/dataconnect`
E1106 16:36:08.988289    9268 watch.go:31] Failed to load config from "/home/user/byggpilot4/dataconnect": could not find dataconnect.yaml in `/home/user/byggpilot4/dataconnect`
E1106 16:36:18.989722    9268 watch.go:31] Failed to load config from "/home/user/byggpilot4/dataconnect": could not find dataconnect.yaml in `/home/user/byggpilot4/dataconnect`
E1106 16:36:28.990340    9268 watch.go:31] Failed to load config from "/home/user/byggpilot4/dataconnect": could not find dataconnect.yaml in `/home/user/byggpilot4/dataconnect`
E1106 16:36:38.988139    9268 watch.go:31] Failed to load config from "/home/user/byggpilot4/dataconnect": could not find dataconnect.yaml in `/home/user/byggpilot4/dataconnect`
E1106 16:36:48.993712    9268 watch.go:31] Failed to load config from "/home/user/byggpilot4/dataconnect": could not find dataconnect.yaml in `/home/user/byggpilot4/dataconnect`
E1106 16:36:58.989732    9268 watch.go:31] Failed to load config from "/home/user/byggpilot4/dataconnect": could not find dataconnect.yaml in `/home/user/byggpilot4/dataconnect`
E1106 16:37:08.988410    9268 watch.go:31] Failed to load config from "/home/user/byggpilot4/dataconnect": could not find dataconnect.yaml in `/home/user/byggpilot4/dataconnect`
E1106 16:37:08.988534    9268 watch.go:102] watchAllDir unable to walk dir `/home/user/byggpilot4/dataconnect`: lstat /home/user/byggpilot4/dataconnect: no such file or directory
E1106 16:37:18.996544    9268 watch.go:31] Failed to load config from "/home/user/byggpilot4/dataconnect": could not find dataconnect.yaml in `/home/user/byggpilot4/dataconnect`
E1106 16:37:28.990476    9268 watch.go:31] Failed to load config from "/home/user/byggpilot4/dataconnect": could not find dataconnect.yaml in `/home/user/byggpilot4/dataconnect`
E1106 16:37:38.987792    9268 watch.go:31] Failed to load config from "/home/user/byggpilot4/dataconnect": could not find dataconnect.yaml in `/home/user/byggpilot4/dataconnect`
E1106 16:37:48.993575    9268 watch.go:31] Failed to load config from "/home/user/byggpilot4/dataconnect": could not find dataconnect.yaml in `/home/user/byggpilot4/dataconnect`
E1106 16:37:58.996796    9268 watch.go:31] Failed to load config from "/home/user/byggpilot4/dataconnect": could not find dataconnect.yaml in `/home/user/byggpilot4/dataconnect`
E1106 16:38:08.988523    9268 watch.go:31] Failed to load config from "/home/user/byggpilot4/dataconnect": could not find dataconnect.yaml in `/home/user/byggpilot4/dataconnect`
E1106 16:38:18.997733    9268 watch.go:31] Failed to load config from "/home/user/byggpilot4/dataconnect": could not find dataconnect.yaml in `/home/user/byggpilot4/dataconnect`
E1106 16:38:28.987770    9268 watch.go:31] Failed to load config from "/home/user/byggpilot4/dataconnect": could not find dataconnect.yaml in `/home/user/byggpilot4/dataconnect`
E1106 16:38:38.988579    9268 watch.go:31] Failed to load config from "/home/user/byggpilot4/dataconnect": could not find dataconnect.yaml in `/home/user/byggpilot4/dataconnect`
E1106 16:38:48.987714    9268 watch.go:31] Failed to load config from "/home/user/byggpilot4/dataconnect": could not find dataconnect.yaml in `/home/user/byggpilot4/dataconnect`
E1106 16:38:58.996863    9268 watch.go:31] Failed to load config from "/home/user/byggpilot4/dataconnect": could not find dataconnect.yaml in `/home/user/byggpilot4/dataconnect`
E1106 16:39:08.987968    9268 watch.go:31] Failed to load config from "/home/user/byggpilot4/dataconnect": could not find dataconnect.yaml in `/home/user/byggpilot4/dataconnect`
E1106 16:39:08.988028    9268 watch.go:102] watchAllDir unable to walk dir `/home/user/byggpilot4/dataconnect`: lstat /home/user/byggpilot4/dataconnect: no such file or directory
E1106 16:39:18.993699    9268 watch.go:31] Failed to load config from "/home/user/byggpilot4/dataconnect": could not find dataconnect.yaml in `/home/user/byggpilot4/dataconnect`
E1106 16:39:28.993651    9268 watch.go:31] Failed to load config from "/home/user/byggpilot4/dataconnect": could not find dataconnect.yaml in `/home/user/byggpilot4/dataconnect`
E1106 16:39:38.987805    9268 watch.go:31] Failed to load config from "/home/user/byggpilot4/dataconnect": could not find dataconnect.yaml in `/home/user/byggpilot4/dataconnect`
E1106 16:39:48.993725    9268 watch.go:31] Failed to load config from "/home/user/byggpilot4/dataconnect": could not find dataconnect.yaml in `/home/user/byggpilot4/dataconnect`
E1106 16:39:58.993635    9268 watch.go:31] Failed to load config from "/home/user/byggpilot4/dataconnect": could not find dataconnect.yaml in `/home/user/byggpilot4/dataconnect`
E1106 16:40:08.988233    9268 watch.go:31] Failed to load config from "/home/user/byggpilot4/dataconnect": could not find dataconnect.yaml in `/home/user/byggpilot4/dataconnect`
E1106 16:40:18.997829    9268 watch.go:31] Failed to load config from "/home/user/byggpilot4/dataconnect": could not find dataconnect.yaml in `/home/user/byggpilot4/dataconnect`
E1106 16:40:28.997133    9268 watch.go:31] Failed to load config from "/home/user/byggpilot4/dataconnect": could not find dataconnect.yaml in `/home/user/byggpilot4/dataconnect`
E1106 16:40:38.988358    9268 watch.go:31] Failed to load config from "/home/user/byggpilot4/dataconnect": could not find dataconnect.yaml in `/home/user/byggpilot4/dataconnect`
E1106 16:40:48.997596    9268 watch.go:31] Failed to load config from "/home/user/byggpilot4/dataconnect": could not find dataconnect.yaml in `/home/user/byggpilot4/dataconnect`
E1106 16:40:58.993758    9268 watch.go:31] Failed to load config from "/home/user/byggpilot4/dataconnect": could not find dataconnect.yaml in `/home/user/byggpilot4/dataconnect`
E1106 16:41:08.988210    9268 watch.go:31] Failed to load config from "/home/user/byggpilot4/dataconnect": could not find dataconnect.yaml in `/home/user/byggpilot4/dataconnect`
E1106 16:41:08.988276    9268 watch.go:102] watchAllDir unable to walk dir `/home/user/byggpilot4/dataconnect`: lstat /home/user/byggpilot4/dataconnect: no such file or directory
E1106 16:41:18.993688    9268 watch.go:31] Failed to load config from "/home/user/byggpilot4/dataconnect": could not find dataconnect.yaml in `/home/user/byggpilot4/dataconnect`
E1106 16:41:29.001855    9268 watch.go:31] Failed to load config from "/home/user/byggpilot4/dataconnect": could not find dataconnect.yaml in `/home/user/byggpilot4/dataconnect`
E1106 16:41:38.987658    9268 watch.go:31] Failed to load config from "/home/user/byggpilot4/dataconnect": could not find dataconnect.yaml in `/home/user/byggpilot4/dataconnect`
E1106 16:41:48.987954    9268 watch.go:31] Failed to load config from "/home/user/byggpilot4/dataconnect": could not find dataconnect.yaml in `/home/user/byggpilot4/dataconnect`
E1106 16:41:58.997703    9268 watch.go:31] Failed to load config from "/home/user/byggpilot4/dataconnect": could not find dataconnect.yaml in `/home/user/byggpilot4/dataconnect`
E1106 16:42:08.988058    9268 watch.go:31] Failed to load config from "/home/user/byggpilot4/dataconnect": could not find dataconnect.yaml in `/home/user/byggpilot4/dataconnect`
E1106 16:42:18.989752    9268 watch.go:31] Failed to load config from "/home/user/byggpilot4/dataconnect": could not find dataconnect.yaml in `/home/user/byggpilot4/dataconnect`
E1106 16:42:28.988677    9268 watch.go:31] Failed to load config from "/home/user/byggpilot4/dataconnect": could not find dataconnect.yaml in `/home/user/byggpilot4/dataconnect`
E1106 16:42:38.988028    9268 watch.go:31] Failed to load config from "/home/user/byggpilot4/dataconnect": could not find dataconnect.yaml in `/home/user/byggpilot4/dataconnect`
E1106 16:42:48.995169    9268 watch.go:31] Failed to load config from "/home/user/byggpilot4/dataconnect": could not find dataconnect.yaml in `/home/user/byggpilot4/dataconnect`
E1106 16:42:58.987868    9268 watch.go:31] Failed to load config from "/home/user/byggpilot4/dataconnect": could not find dataconnect.yaml in `/home/user/byggpilot4/dataconnect`
E1106 16:43:08.987925    9268 watch.go:102] watchAllDir unable to walk dir `/home/user/byggpilot4/dataconnect`: lstat /home/user/byggpilot4/dataconnect: no such file or directory
E1106 16:43:08.988111    9268 watch.go:31] Failed to load config from "/home/user/byggpilot4/dataconnect": could not find dataconnect.yaml in `/home/user/byggpilot4/dataconnect`
E1106 16:43:18.997239    9268 watch.go:31] Failed to load config from "/home/user/byggpilot4/dataconnect": could not find dataconnect.yaml in `/home/user/byggpilot4/dataconnect`
E1106 16:43:28.992858    9268 watch.go:31] Failed to load config from "/home/user/byggpilot4/dataconnect": could not find dataconnect.yaml in `/home/user/byggpilot4/dataconnect`
E1106 16:43:38.988462    9268 watch.go:31] Failed to load config from "/home/user/byggpilot4/dataconnect": could not find dataconnect.yaml in `/home/user/byggpilot4/dataconnect`
E1106 16:43:48.988341    9268 watch.go:31] Failed to load config from "/home/user/byggpilot4/dataconnect": could not find dataconnect.yaml in `/home/user/byggpilot4/dataconnect`
E1106 16:43:58.987729    9268 watch.go:31] Failed to load config from "/home/user/byggpilot4/dataconnect": could not find dataconnect.yaml in `/home/user/byggpilot4/dataconnect`
E1106 16:44:08.987963    9268 watch.go:31] Failed to load config from "/home/user/byggpilot4/dataconnect": could not find dataconnect.yaml in `/home/user/byggpilot4/dataconnect`
E1106 16:44:18.997336    9268 watch.go:31] Failed to load config from "/home/user/byggpilot4/dataconnect": could not find dataconnect.yaml in `/home/user/byggpilot4/dataconnect`
E1106 16:44:28.996666    9268 watch.go:31] Failed to load config from "/home/user/byggpilot4/dataconnect": could not find dataconnect.yaml in `/home/user/byggpilot4/dataconnect`
E1106 16:44:38.987938    9268 watch.go:31] Failed to load config from "/home/user/byggpilot4/dataconnect": could not find dataconnect.yaml in `/home/user/byggpilot4/dataconnect`
E1106 16:44:48.996604    9268 watch.go:31] Failed to load config from "/home/user/byggpilot4/dataconnect": could not find dataconnect.yaml in `/home/user/byggpilot4/dataconnect`
E1106 16:44:58.996587    9268 watch.go:31] Failed to load config from "/home/user/byggpilot4/dataconnect": could not find dataconnect.yaml in `/home/user/byggpilot4/dataconnect`
E1106 16:45:08.988564    9268 watch.go:31] Failed to load config from "/home/user/byggpilot4/dataconnect": could not find dataconnect.yaml in `/home/user/byggpilot4/dataconnect`
E1106 16:45:08.988670    9268 watch.go:102] watchAllDir unable to walk dir `/home/user/byggpilot4/dataconnect`: lstat /home/user/byggpilot4/dataconnect: no such file or directory
E1106 16:45:18.987769    9268 watch.go:31] Failed to load config from "/home/user/byggpilot4/dataconnect": could not find dataconnect.yaml in `/home/user/byggpilot4/dataconnect`
E1106 16:45:28.996039    9268 watch.go:31] Failed to load config from "/home/user/byggpilot4/dataconnect": could not find dataconnect.yaml in `/home/user/byggpilot4/dataconnect`
E1106 16:45:38.988041    9268 watch.go:31] Failed to load config from "/home/user/byggpilot4/dataconnect": could not find dataconnect.yaml in `/home/user/byggpilot4/dataconnect`
E1106 16:45:48.993648    9268 watch.go:31] Failed to load config from "/home/user/byggpilot4/dataconnect": could not find dataconnect.yaml in `/home/user/byggpilot4/dataconnect`
E1106 16:45:58.988529    9268 watch.go:31] Failed to load config from "/home/user/byggpilot4/dataconnect": could not find dataconnect.yaml in `/home/user/byggpilot4/dataconnect`
E1106 16:46:08.987644    9268 watch.go:31] Failed to load config from "/home/user/byggpilot4/dataconnect": could not find dataconnect.yaml in `/home/user/byggpilot4/dataconnect`
E1106 16:46:18.999599    9268 watch.go:31] Failed to load config from "/home/user/byggpilot4/dataconnect": could not find dataconnect.yaml in `/home/user/byggpilot4/dataconnect`
E1106 16:46:28.994647    9268 watch.go:31] Failed to load config from "/home/user/byggpilot4/dataconnect": could not find dataconnect.yaml in `/home/user/byggpilot4/dataconnect`
E1106 16:46:38.987975    9268 watch.go:31] Failed to load config from "/home/user/byggpilot4/dataconnect": could not find dataconnect.yaml in `/home/user/byggpilot4/dataconnect`
E1106 16:46:48.997299    9268 watch.go:31] Failed to load config from "/home/user/byggpilot4/dataconnect": could not find dataconnect.yaml in `/home/user/byggpilot4/dataconnect`
E1106 16:46:58.993913    9268 watch.go:31] Failed to load config from "/home/user/byggpilot4/dataconnect": could not find dataconnect.yaml in `/home/user/byggpilot4/dataconnect`
E1106 16:47:08.987939    9268 watch.go:31] Failed to load config from "/home/user/byggpilot4/dataconnect": could not find dataconnect.yaml in `/home/user/byggpilot4/dataconnect`
E1106 16:47:08.988026    9268 watch.go:102] watchAllDir unable to walk dir `/home/user/byggpilot4/dataconnect`: lstat /home/user/byggpilot4/dataconnect: no such file or directory
E1106 16:47:18.993643    9268 watch.go:31] Failed to load config from "/home/user/byggpilot4/dataconnect": could not find dataconnect.yaml in `/home/user/byggpilot4/dataconnect`
E1106 16:47:28.996764    9268 watch.go:31] Failed to load config from "/home/user/byggpilot4/dataconnect": could not find dataconnect.yaml in `/home/user/byggpilot4/dataconnect`
E1106 16:47:38.988274    9268 watch.go:31] Failed to load config from "/home/user/byggpilot4/dataconnect": could not find dataconnect.yaml in `/home/user/byggpilot4/dataconnect`
E1106 16:47:48.996697    9268 watch.go:31] Failed to load config from "/home/user/byggpilot4/dataconnect": could not find dataconnect.yaml in `/home/user/byggpilot4/dataconnect`
E1106 16:47:58.993711    9268 watch.go:31] Failed to load config from "/home/user/byggpilot4/dataconnect": could not find dataconnect.yaml in `/home/user/byggpilot4/dataconnect`
E1106 16:48:08.987801    9268 watch.go:31] Failed to load config from "/home/user/byggpilot4/dataconnect": could not find dataconnect.yaml in `/home/user/byggpilot4/dataconnect`
E1106 16:48:18.997298    9268 watch.go:31] Failed to load config from "/home/user/byggpilot4/dataconnect": could not find dataconnect.yaml in `/home/user/byggpilot4/dataconnect`
E1106 16:48:28.996609    9268 watch.go:31] Failed to load config from "/home/user/byggpilot4/dataconnect": could not find dataconnect.yaml in `/home/user/byggpilot4/dataconnect`
E1106 16:48:38.988221    9268 watch.go:31] Failed to load config from "/home/user/byggpilot4/dataconnect": could not find dataconnect.yaml in `/home/user/byggpilot4/dataconnect`
E1106 16:48:48.996581    9268 watch.go:31] Failed to load config from "/home/user/byggpilot4/dataconnect": could not find dataconnect.yaml in `/home/user/byggpilot4/dataconnect`
E1106 16:48:58.996846    9268 watch.go:31] Failed to load config from "/home/user/byggpilot4/dataconnect": could not find dataconnect.yaml in `/home/user/byggpilot4/dataconnect`
E1106 16:49:08.987754    9268 watch.go:31] Failed to load config from "/home/user/byggpilot4/dataconnect": could not find dataconnect.yaml in `/home/user/byggpilot4/dataconnect`
E1106 16:49:08.987808    9268 watch.go:102] watchAllDir unable to walk dir `/home/user/byggpilot4/dataconnect`: lstat /home/user/byggpilot4/dataconnect: no such file or directory
E1106 16:49:18.996187    9268 watch.go:31] Failed to load config from "/home/user/byggpilot4/dataconnect": could not find dataconnect.yaml in `/home/user/byggpilot4/dataconnect`
E1106 16:49:28.993654    9268 watch.go:31] Failed to load config from "/home/user/byggpilot4/dataconnect": could not find dataconnect.yaml in `/home/user/byggpilot4/dataconnect`
E1106 16:49:38.988115    9268 watch.go:31] Failed to load config from "/home/user/byggpilot4/dataconnect": could not find dataconnect.yaml in `/home/user/byggpilot4/dataconnect`
E1106 16:49:48.993617    9268 watch.go:31] Failed to load config from "/home/user/byggpilot4/dataconnect": could not find dataconnect.yaml in `/home/user/byggpilot4/dataconnect`
E1106 16:49:58.998598    9268 watch.go:31] Failed to load config from "/home/user/byggpilot4/dataconnect": could not find dataconnect.yaml in `/home/user/byggpilot4/dataconnect`
E1106 16:50:08.988190    9268 watch.go:31] Failed to load config from "/home/user/byggpilot4/dataconnect": could not find dataconnect.yaml in `/home/user/byggpilot4/dataconnect`
E1106 16:50:18.987871    9268 watch.go:31] Failed to load config from "/home/user/byggpilot4/dataconnect": could not find dataconnect.yaml in `/home/user/byggpilot4/dataconnect`
E1106 16:50:28.996726    9268 watch.go:31] Failed to load config from "/home/user/byggpilot4/dataconnect": could not find dataconnect.yaml in `/home/user/byggpilot4/dataconnect`
E1106 16:50:38.988225    9268 watch.go:31] Failed to load config from "/home/user/byggpilot4/dataconnect": could not find dataconnect.yaml in `/home/user/byggpilot4/dataconnect`
E1106 16:50:48.998549    9268 watch.go:31] Failed to load config from "/home/user/byggpilot4/dataconnect": could not find dataconnect.yaml in `/home/user/byggpilot4/dataconnect`
E1106 16:50:58.996801    9268 watch.go:31] Failed to load config from "/home/user/byggpilot4/dataconnect": could not find dataconnect.yaml in `/home/user/byggpilot4/dataconnect`
E1106 16:51:08.988951    9268 watch.go:31] Failed to load config from "/home/user/byggpilot4/dataconnect": could not find dataconnect.yaml in `/home/user/byggpilot4/dataconnect`
E1106 16:51:08.989018    9268 watch.go:102] watchAllDir unable to walk dir `/home/user/byggpilot4/dataconnect`: lstat /home/user/byggpilot4/dataconnect: no such file or directory
E1106 16:51:19.004558    9268 watch.go:31] Failed to load config from "/home/user/byggpilot4/dataconnect": could not find dataconnect.yaml in `/home/user/byggpilot4/dataconnect`
E1106 16:51:28.996834    9268 watch.go:31] Failed to load config from "/home/user/byggpilot4/dataconnect": could not find dataconnect.yaml in `/home/user/byggpilot4/dataconnect`
E1106 16:51:38.988812    9268 watch.go:31] Failed to load config from "/home/user/byggpilot4/dataconnect": could not find dataconnect.yaml in `/home/user/byggpilot4/dataconnect`
E1106 16:51:48.996784    9268 watch.go:31] Failed to load config from "/home/user/byggpilot4/dataconnect": could not find dataconnect.yaml in `/home/user/byggpilot4/dataconnect`
E1106 16:51:58.996932    9268 watch.go:31] Failed to load config from "/home/user/byggpilot4/dataconnect": could not find dataconnect.yaml in `/home/user/byggpilot4/dataconnect`
E1106 16:52:08.988261    9268 watch.go:31] Failed to load config from "/home/user/byggpilot4/dataconnect": could not find dataconnect.yaml in `/home/user/byggpilot4/dataconnect`
E1106 16:52:18.988279    9268 watch.go:31] Failed to load config from "/home/user/byggpilot4/dataconnect": could not find dataconnect.yaml in `/home/user/byggpilot4/dataconnect`
E1106 16:52:28.987798    9268 watch.go:31] Failed to load config from "/home/user/byggpilot4/dataconnect": could not find dataconnect.yaml in `/home/user/byggpilot4/dataconnect`
E1106 16:52:38.988155    9268 watch.go:31] Failed to load config from "/home/user/byggpilot4/dataconnect": could not find dataconnect.yaml in `/home/user/byggpilot4/dataconnect`
E1106 16:52:48.993674    9268 watch.go:31] Failed to load config from "/home/user/byggpilot4/dataconnect": could not find dataconnect.yaml in `/home/user/byggpilot4/dataconnect`
E1106 16:52:58.996898    9268 watch.go:31] Failed to load config from "/home/user/byggpilot4/dataconnect": could not find dataconnect.yaml in `/home/user/byggpilot4/dataconnect`
E1106 16:53:08.988337    9268 watch.go:102] watchAllDir unable to walk dir `/home/user/byggpilot4/dataconnect`: lstat /home/user/byggpilot4/dataconnect: no such file or directory
E1106 16:53:08.988541    9268 watch.go:31] Failed to load config from "/home/user/byggpilot4/dataconnect": could not find dataconnect.yaml in `/home/user/byggpilot4/dataconnect`
E1106 16:53:18.996806    9268 watch.go:31] Failed to load config from "/home/user/byggpilot4/dataconnect": could not find dataconnect.yaml in `/home/user/byggpilot4/dataconnect`
E1106 16:53:28.996603    9268 watch.go:31] Failed to load config from "/home/user/byggpilot4/dataconnect": could not find dataconnect.yaml in `/home/user/byggpilot4/dataconnect`
E1106 16:53:38.988202    9268 watch.go:31] Failed to load config from "/home/user/byggpilot4/dataconnect": could not find dataconnect.yaml in `/home/user/byggpilot4/dataconnect`
E1106 16:53:48.993640    9268 watch.go:31] Failed to load config from "/home/user/byggpilot4/dataconnect": could not find dataconnect.yaml in `/home/user/byggpilot4/dataconnect`
E1106 16:53:58.993763    9268 watch.go:31] Failed to load config from "/home/user/byggpilot4/dataconnect": could not find dataconnect.yaml in `/home/user/byggpilot4/dataconnect`
E1106 16:54:08.988650    9268 watch.go:31] Failed to load config from "/home/user/byggpilot4/dataconnect": could not find dataconnect.yaml in `/home/user/byggpilot4/dataconnect`
E1106 16:54:18.993772    9268 watch.go:31] Failed to load config from "/home/user/byggpilot4/dataconnect": could not find dataconnect.yaml in `/home/user/byggpilot4/dataconnect`
E1106 16:54:28.988557    9268 watch.go:31] Failed to load config from "/home/user/byggpilot4/dataconnect": could not find dataconnect.yaml in `/home/user/byggpilot4/dataconnect`
E1106 16:54:38.987927    9268 watch.go:31] Failed to load config from "/home/user/byggpilot4/dataconnect": could not find dataconnect.yaml in `/home/user/byggpilot4/dataconnect`
E1106 16:54:48.997324    9268 watch.go:31] Failed to load config from "/home/user/byggpilot4/dataconnect": could not find dataconnect.yaml in `/home/user/byggpilot4/dataconnect`
E1106 16:54:58.993726    9268 watch.go:31] Failed to load config from "/home/user/byggpilot4/dataconnect": could not find dataconnect.yaml in `/home/user/byggpilot4/dataconnect`
E1106 16:55:08.988465    9268 watch.go:31] Failed to load config from "/home/user/byggpilot4/dataconnect": could not find dataconnect.yaml in `/home/user/byggpilot4/dataconnect`
E1106 16:55:08.988546    9268 watch.go:102] watchAllDir unable to walk dir `/home/user/byggpilot4/dataconnect`: lstat /home/user/byggpilot4/dataconnect: no such file or directory
E1106 16:55:18.987925    9268 watch.go:31] Failed to load config from "/home/user/byggpilot4/dataconnect": could not find dataconnect.yaml in `/home/user/byggpilot4/dataconnect`
E1106 16:55:28.993767    9268 watch.go:31] Failed to load config from "/home/user/byggpilot4/dataconnect": could not find dataconnect.yaml in `/home/user/byggpilot4/dataconnect`
E1106 16:55:38.990606    9268 watch.go:31] Failed to load config from "/home/user/byggpilot4/dataconnect": could not find dataconnect.yaml in `/home/user/byggpilot4/dataconnect`
E1106 16:55:48.996765    9268 watch.go:31] Failed to load config from "/home/user/byggpilot4/dataconnect": could not find dataconnect.yaml in `/home/user/byggpilot4/dataconnect`
E1106 16:55:58.996909    9268 watch.go:31] Failed to load config from "/home/user/byggpilot4/dataconnect": could not find dataconnect.yaml in `/home/user/byggpilot4/dataconnect`
E1106 16:56:08.988596    9268 watch.go:31] Failed to load config from "/home/user/byggpilot4/dataconnect": could not find dataconnect.yaml in `/home/user/byggpilot4/dataconnect`
E1106 16:56:18.989309    9268 watch.go:31] Failed to load config from "/home/user/byggpilot4/dataconnect": could not find dataconnect.yaml in `/home/user/byggpilot4/dataconnect`
E1106 16:56:28.997609    9268 watch.go:31] Failed to load config from "/home/user/byggpilot4/dataconnect": could not find dataconnect.yaml in `/home/user/byggpilot4/dataconnect`
E1106 16:56:38.987696    9268 watch.go:31] Failed to load config from "/home/user/byggpilot4/dataconnect": could not find dataconnect.yaml in `/home/user/byggpilot4/dataconnect`
E1106 16:56:48.993755    9268 watch.go:31] Failed to load config from "/home/user/byggpilot4/dataconnect": could not find dataconnect.yaml in `/home/user/byggpilot4/dataconnect`
E1106 16:56:58.987789    9268 watch.go:31] Failed to load config from "/home/user/byggpilot4/dataconnect": could not find dataconnect.yaml in `/home/user/byggpilot4/dataconnect`
E1106 16:57:08.988114    9268 watch.go:31] Failed to load config from "/home/user/byggpilot4/dataconnect": could not find dataconnect.yaml in `/home/user/byggpilot4/dataconnect`
E1106 16:57:08.988177    9268 watch.go:102] watchAllDir unable to walk dir `/home/user/byggpilot4/dataconnect`: lstat /home/user/byggpilot4/dataconnect: no such file or directory
E1106 16:57:18.997505    9268 watch.go:31] Failed to load config from "/home/user/byggpilot4/dataconnect": could not find dataconnect.yaml in `/home/user/byggpilot4/dataconnect`
E1106 16:57:28.993683    9268 watch.go:31] Failed to load config from "/home/user/byggpilot4/dataconnect": could not find dataconnect.yaml in `/home/user/byggpilot4/dataconnect`
E1106 16:57:38.987901    9268 watch.go:31] Failed to load config from "/home/user/byggpilot4/dataconnect": could not find dataconnect.yaml in `/home/user/byggpilot4/dataconnect`
E1106 16:57:48.993631    9268 watch.go:31] Failed to load config from "/home/user/byggpilot4/dataconnect": could not find dataconnect.yaml in `/home/user/byggpilot4/dataconnect`
E1106 16:57:58.993679    9268 watch.go:31] Failed to load config from "/home/user/byggpilot4/dataconnect": could not find dataconnect.yaml in `/home/user/byggpilot4/dataconnect`
E1106 16:58:08.988718    9268 watch.go:31] Failed to load config from "/home/user/byggpilot4/dataconnect": could not find dataconnect.yaml in `/home/user/byggpilot4/dataconnect`
E1106 16:58:18.990002    9268 watch.go:31] Failed to load config from "/home/user/byggpilot4/dataconnect": could not find dataconnect.yaml in `/home/user/byggpilot4/dataconnect`
E1106 16:58:28.996656    9268 watch.go:31] Failed to load config from "/home/user/byggpilot4/dataconnect": could not find dataconnect.yaml in `/home/user/byggpilot4/dataconnect`
E1106 16:58:38.988246    9268 watch.go:31] Failed to load config from "/home/user/byggpilot4/dataconnect": could not find dataconnect.yaml in `/home/user/byggpilot4/dataconnect`
E1106 16:58:48.987782    9268 watch.go:31] Failed to load config from "/home/user/byggpilot4/dataconnect": could not find dataconnect.yaml in `/home/user/byggpilot4/dataconnect`
E1106 16:58:58.993705    9268 watch.go:31] Failed to load config from "/home/user/byggpilot4/dataconnect": could not find dataconnect.yaml in `/home/user/byggpilot4/dataconnect`
E1106 16:59:08.987929    9268 watch.go:31] Failed to load config from "/home/user/byggpilot4/dataconnect": could not find dataconnect.yaml in `/home/user/byggpilot4/dataconnect`
E1106 16:59:08.988003    9268 watch.go:102] watchAllDir unable to walk dir `/home/user/byggpilot4/dataconnect`: lstat /home/user/byggpilot4/dataconnect: no such file or directory
E1106 16:59:18.997359    9268 watch.go:31] Failed to load config from "/home/user/byggpilot4/dataconnect": could not find dataconnect.yaml in `/home/user/byggpilot4/dataconnect`
E1106 16:59:28.997575    9268 watch.go:31] Failed to load config from "/home/user/byggpilot4/dataconnect": could not find dataconnect.yaml in `/home/user/byggpilot4/dataconnect`
E1106 16:59:38.987928    9268 watch.go:31] Failed to load config from "/home/user/byggpilot4/dataconnect": could not find dataconnect.yaml in `/home/user/byggpilot4/dataconnect`
E1106 16:59:48.997368    9268 watch.go:31] Failed to load config from "/home/user/byggpilot4/dataconnect": could not find dataconnect.yaml in `/home/user/byggpilot4/dataconnect`
E1106 16:59:58.993685    9268 watch.go:31] Failed to load config from "/home/user/byggpilot4/dataconnect": could not find dataconnect.yaml in `/home/user/byggpilot4/dataconnect`
E1106 17:00:08.988241    9268 watch.go:31] Failed to load config from "/home/user/byggpilot4/dataconnect": could not find dataconnect.yaml in `/home/user/byggpilot4/dataconnect`
E1106 17:00:18.993747    9268 watch.go:31] Failed to load config from "/home/user/byggpilot4/dataconnect": could not find dataconnect.yaml in `/home/user/byggpilot4/dataconnect`
E1106 17:00:28.997240    9268 watch.go:31] Failed to load config from "/home/user/byggpilot4/dataconnect": could not find dataconnect.yaml in `/home/user/byggpilot4/dataconnect`
E1106 17:00:38.988648    9268 watch.go:31] Failed to load config from "/home/user/byggpilot4/dataconnect": could not find dataconnect.yaml in `/home/user/byggpilot4/dataconnect`
E1106 17:00:48.988203    9268 watch.go:31] Failed to load config from "/home/user/byggpilot4/dataconnect": could not find dataconnect.yaml in `/home/user/byggpilot4/dataconnect`
E1106 17:00:58.987823    9268 watch.go:31] Failed to load config from "/home/user/byggpilot4/dataconnect": could not find dataconnect.yaml in `/home/user/byggpilot4/dataconnect`
E1106 17:01:08.987576    9268 watch.go:31] Failed to load config from "/home/user/byggpilot4/dataconnect": could not find dataconnect.yaml in `/home/user/byggpilot4/dataconnect`
E1106 17:01:08.987653    9268 watch.go:102] watchAllDir unable to walk dir `/home/user/byggpilot4/dataconnect`: lstat /home/user/byggpilot4/dataconnect: no such file or directory
E1106 17:01:18.996619    9268 watch.go:31] Failed to load config from "/home/user/byggpilot4/dataconnect": could not find dataconnect.yaml in `/home/user/byggpilot4/dataconnect`
E1106 17:01:28.996615    9268 watch.go:31] Failed to load config from "/home/user/byggpilot4/dataconnect": could not find dataconnect.yaml in `/home/user/byggpilot4/dataconnect`
E1106 17:01:38.988445    9268 watch.go:31] Failed to load config from "/home/user/byggpilot4/dataconnect": could not find dataconnect.yaml in `/home/user/byggpilot4/dataconnect`
E1106 17:01:48.987793    9268 watch.go:31] Failed to load config from "/home/user/byggpilot4/dataconnect": could not find dataconnect.yaml in `/home/user/byggpilot4/dataconnect`
E1106 17:01:58.987754    9268 watch.go:31] Failed to load config from "/home/user/byggpilot4/dataconnect": could not find dataconnect.yaml in `/home/user/byggpilot4/dataconnect`
E1106 17:02:08.988134    9268 watch.go:31] Failed to load config from "/home/user/byggpilot4/dataconnect": could not find dataconnect.yaml in `/home/user/byggpilot4/dataconnect`
E1106 17:02:18.989647    9268 watch.go:31] Failed to load config from "/home/user/byggpilot4/dataconnect": could not find dataconnect.yaml in `/home/user/byggpilot4/dataconnect`
E1106 17:02:28.993725    9268 watch.go:31] Failed to load config from "/home/user/byggpilot4/dataconnect": could not find dataconnect.yaml in `/home/user/byggpilot4/dataconnect`
E1106 17:02:38.988497    9268 watch.go:31] Failed to load config from "/home/user/byggpilot4/dataconnect": could not find dataconnect.yaml in `/home/user/byggpilot4/dataconnect`
E1106 17:02:48.987750    9268 watch.go:31] Failed to load config from "/home/user/byggpilot4/dataconnect": could not find dataconnect.yaml in `/home/user/byggpilot4/dataconnect`
E1106 17:02:58.988462    9268 watch.go:31] Failed to load config from "/home/user/byggpilot4/dataconnect": could not find dataconnect.yaml in `/home/user/byggpilot4/dataconnect`
E1106 17:03:08.988464    9268 watch.go:31] Failed to load config from "/home/user/byggpilot4/dataconnect": could not find dataconnect.yaml in `/home/user/byggpilot4/dataconnect`
E1106 17:03:08.988546    9268 watch.go:102] watchAllDir unable to walk dir `/home/user/byggpilot4/dataconnect`: lstat /home/user/byggpilot4/dataconnect: no such file or directory
E1106 17:03:18.998560    9268 watch.go:31] Failed to load config from "/home/user/byggpilot4/dataconnect": could not find dataconnect.yaml in `/home/user/byggpilot4/dataconnect`
E1106 17:03:28.996647    9268 watch.go:31] Failed to load config from "/home/user/byggpilot4/dataconnect": could not find dataconnect.yaml in `/home/user/byggpilot4/dataconnect`
E1106 17:03:38.988462    9268 watch.go:31] Failed to load config from "/home/user/byggpilot4/dataconnect": could not find dataconnect.yaml in `/home/user/byggpilot4/dataconnect`
E1106 17:03:48.998586    9268 watch.go:31] Failed to load config from "/home/user/byggpilot4/dataconnect": could not find dataconnect.yaml in `/home/user/byggpilot4/dataconnect`
E1106 17:03:58.993686    9268 watch.go:31] Failed to load config from "/home/user/byggpilot4/dataconnect": could not find dataconnect.yaml in `/home/user/byggpilot4/dataconnect`
E1106 17:04:08.987922    9268 watch.go:31] Failed to load config from "/home/user/byggpilot4/dataconnect": could not find dataconnect.yaml in `/home/user/byggpilot4/dataconnect`
E1106 17:04:18.993687    9268 watch.go:31] Failed to load config from "/home/user/byggpilot4/dataconnect": could not find dataconnect.yaml in `/home/user/byggpilot4/dataconnect`
E1106 17:04:28.996627    9268 watch.go:31] Failed to load config from "/home/user/byggpilot4/dataconnect": could not find dataconnect.yaml in `/home/user/byggpilot4/dataconnect`
E1106 17:04:38.988022    9268 watch.go:31] Failed to load config from "/home/user/byggpilot4/dataconnect": could not find dataconnect.yaml in `/home/user/byggpilot4/dataconnect`
E1106 17:04:48.996595    9268 watch.go:31] Failed to load config from "/home/user/byggpilot4/dataconnect": could not find dataconnect.yaml in `/home/user/byggpilot4/dataconnect`
E1106 17:04:58.987753    9268 watch.go:31] Failed to load config from "/home/user/byggpilot4/dataconnect": could not find dataconnect.yaml in `/home/user/byggpilot4/dataconnect`
E1106 17:05:08.987923    9268 watch.go:31] Failed to load config from "/home/user/byggpilot4/dataconnect": could not find dataconnect.yaml in `/home/user/byggpilot4/dataconnect`
E1106 17:05:08.987990    9268 watch.go:102] watchAllDir unable to walk dir `/home/user/byggpilot4/dataconnect`: lstat /home/user/byggpilot4/dataconnect: no such file or directory
E1106 17:05:18.993763    9268 watch.go:31] Failed to load config from "/home/user/byggpilot4/dataconnect": could not find dataconnect.yaml in `/home/user/byggpilot4/dataconnect`
E1106 17:05:28.993599    9268 watch.go:31] Failed to load config from "/home/user/byggpilot4/dataconnect": could not find dataconnect.yaml in `/home/user/byggpilot4/dataconnect`
E1106 17:05:38.988290    9268 watch.go:31] Failed to load config from "/home/user/byggpilot4/dataconnect": could not find dataconnect.yaml in `/home/user/byggpilot4/dataconnect`
E1106 17:05:48.997606    9268 watch.go:31] Failed to load config from "/home/user/byggpilot4/dataconnect": could not find dataconnect.yaml in `/home/user/byggpilot4/dataconnect`
E1106 17:05:58.988869    9268 watch.go:31] Failed to load config from "/home/user/byggpilot4/dataconnect": could not find dataconnect.yaml in `/home/user/byggpilot4/dataconnect`
E1106 17:06:08.988469    9268 watch.go:31] Failed to load config from "/home/user/byggpilot4/dataconnect": could not find dataconnect.yaml in `/home/user/byggpilot4/dataconnect`
E1106 17:06:18.989645    9268 watch.go:31] Failed to load config from "/home/user/byggpilot4/dataconnect": could not find dataconnect.yaml in `/home/user/byggpilot4/dataconnect`
E1106 17:06:28.993659    9268 watch.go:31] Failed to load config from "/home/user/byggpilot4/dataconnect": could not find dataconnect.yaml in `/home/user/byggpilot4/dataconnect`
E1106 17:06:38.988518    9268 watch.go:31] Failed to load config from "/home/user/byggpilot4/dataconnect": could not find dataconnect.yaml in `/home/user/byggpilot4/dataconnect`
E1106 17:06:48.993752    9268 watch.go:31] Failed to load config from "/home/user/byggpilot4/dataconnect": could not find dataconnect.yaml in `/home/user/byggpilot4/dataconnect`
E1106 17:06:58.993078    9268 watch.go:31] Failed to load config from "/home/user/byggpilot4/dataconnect": could not find dataconnect.yaml in `/home/user/byggpilot4/dataconnect`
E1106 17:07:08.989266    9268 watch.go:31] Failed to load config from "/home/user/byggpilot4/dataconnect": could not find dataconnect.yaml in `/home/user/byggpilot4/dataconnect`
E1106 17:07:08.989331    9268 watch.go:102] watchAllDir unable to walk dir `/home/user/byggpilot4/dataconnect`: lstat /home/user/byggpilot4/dataconnect: no such file or directory
E1106 17:07:18.987703    9268 watch.go:31] Failed to load config from "/home/user/byggpilot4/dataconnect": could not find dataconnect.yaml in `/home/user/byggpilot4/dataconnect`
E1106 17:07:28.997669    9268 watch.go:31] Failed to load config from "/home/user/byggpilot4/dataconnect": could not find dataconnect.yaml in `/home/user/byggpilot4/dataconnect`
E1106 17:07:38.988036    9268 watch.go:31] Failed to load config from "/home/user/byggpilot4/dataconnect": could not find dataconnect.yaml in `/home/user/byggpilot4/dataconnect`
E1106 17:07:48.994022    9268 watch.go:31] Failed to load config from "/home/user/byggpilot4/dataconnect": could not find dataconnect.yaml in `/home/user/byggpilot4/dataconnect`
E1106 17:07:58.997317    9268 watch.go:31] Failed to load config from "/home/user/byggpilot4/dataconnect": could not find dataconnect.yaml in `/home/user/byggpilot4/dataconnect`
E1106 17:08:08.988379    9268 watch.go:31] Failed to load config from "/home/user/byggpilot4/dataconnect": could not find dataconnect.yaml in `/home/user/byggpilot4/dataconnect`
E1106 17:08:18.989735    9268 watch.go:31] Failed to load config from "/home/user/byggpilot4/dataconnect": could not find dataconnect.yaml in `/home/user/byggpilot4/dataconnect`
E1106 17:08:29.001594    9268 watch.go:31] Failed to load config from "/home/user/byggpilot4/dataconnect": could not find dataconnect.yaml in `/home/user/byggpilot4/dataconnect`
E1106 17:08:38.988075    9268 watch.go:31] Failed to load config from "/home/user/byggpilot4/dataconnect": could not find dataconnect.yaml in `/home/user/byggpilot4/dataconnect`
E1106 17:08:48.987767    9268 watch.go:31] Failed to load config from "/home/user/byggpilot4/dataconnect": could not find dataconnect.yaml in `/home/user/byggpilot4/dataconnect`
E1106 17:08:58.996961    9268 watch.go:31] Failed to load config from "/home/user/byggpilot4/dataconnect": could not find dataconnect.yaml in `/home/user/byggpilot4/dataconnect`
E1106 17:09:08.988475    9268 watch.go:31] Failed to load config from "/home/user/byggpilot4/dataconnect": could not find dataconnect.yaml in `/home/user/byggpilot4/dataconnect`
E1106 17:09:08.988541    9268 watch.go:102] watchAllDir unable to walk dir `/home/user/byggpilot4/dataconnect`: lstat /home/user/byggpilot4/dataconnect: no such file or directory
E1106 17:09:18.988204    9268 watch.go:31] Failed to load config from "/home/user/byggpilot4/dataconnect": could not find dataconnect.yaml in `/home/user/byggpilot4/dataconnect`
E1106 17:09:28.987882    9268 watch.go:31] Failed to load config from "/home/user/byggpilot4/dataconnect": could not find dataconnect.yaml in `/home/user/byggpilot4/dataconnect`
