[debug] [2025-10-25T21:21:22.260Z] [Firebase Plugin] Activating Firebase extension.
[debug] [2025-10-25T21:21:29.706Z] [Firebase Plugin] requireAuthWrapper
[debug] [2025-10-25T21:21:29.708Z] > command requires scopes: ["email","openid","https://www.googleapis.com/auth/cloudplatformprojects.readonly","https://www.googleapis.com/auth/firebase","https://www.googleapis.com/auth/cloud-platform","https://www.googleapis.com/auth/userinfo.email"]
[debug] [2025-10-25T21:21:29.709Z] > authorizing via signed-in user (usbmicke@gmail.com)
[debug] [2025-10-25T21:21:29.714Z] Checked if tokens are valid: false, expires at: 1761427234749
[debug] [2025-10-25T21:21:29.715Z] Checked if tokens are valid: false, expires at: 1761427234749
[debug] [2025-10-25T21:21:29.717Z] > refreshing access token with scopes: []
[debug] [2025-10-25T21:21:29.720Z] >>> [apiv2][query] POST https://www.googleapis.com/oauth2/v3/token [none]
[debug] [2025-10-25T21:21:29.721Z] >>> [apiv2][body] POST https://www.googleapis.com/oauth2/v3/token [omitted]
[debug] [2025-10-25T21:21:29.777Z] [Firebase Plugin] VSCode notification server listening on port 40001
[debug] [2025-10-25T21:21:29.908Z] <<< [apiv2][status] POST https://www.googleapis.com/oauth2/v3/token 200
[debug] [2025-10-25T21:21:29.908Z] <<< [apiv2][body] POST https://www.googleapis.com/oauth2/v3/token [omitted]
[debug] [2025-10-25T21:21:29.929Z] [Firebase Plugin] User found:  usbmicke@gmail.com
[info] [Firebase Plugin] (Core:Project) New user detected, fetching projects
[debug] [2025-10-25T21:21:29.932Z] Checked if tokens are valid: true, expires at: 1761430888910
[debug] [2025-10-25T21:21:29.933Z] >>> [apiv2][query] GET https://firebase.googleapis.com/v1beta1/projects pageSize=1000
[info] [Firebase Plugin] Starting Data Connect toolkit (version 2.15.0) on port 50001
[debug] [2025-10-25T21:21:30.957Z] 'fdc build' failed with error: Unable to build your Data Connect schema and connectors (exit code 1): E1025 21:21:30.954562   24255 cmd.go:43] Error loading data connect config: could not find dataconnect.yaml in `/home/user/ByggPilot2.0/dataconnect`
 {"metadata":{"emulator":{"name":"dataconnect"},"message":"'fdc build' failed with error: Unable to build your Data Connect schema and connectors (exit code 1): E1025 21:21:30.954562   24255 cmd.go:43] Error loading data connect config: could not find dataconnect.yaml in `/home/user/ByggPilot2.0/dataconnect`\n"}}
[debug] [2025-10-25T21:21:30.973Z] Ignoring unsupported arg: auto_download {"metadata":{"emulator":{"name":"dataconnect"},"message":"Ignoring unsupported arg: auto_download"}}
[debug] [2025-10-25T21:21:30.974Z] Ignoring unsupported arg: port {"metadata":{"emulator":{"name":"dataconnect"},"message":"Ignoring unsupported arg: port"}}
[debug] [2025-10-25T21:21:30.975Z] Starting Data Connect Emulator with command {"binary":"/home/user/.cache/firebase/emulators/dataconnect-emulator-2.15.0","args":["--logtostderr","-v=2","dev","--listen=localhost:50001","--config_dir=/home/user/ByggPilot2.0/dataconnect","--enable_output_schema_extensions=true","--enable_output_generated_sdk=true"],"optionalArgs":["listen","config_dir","enable_output_schema_extensions","enable_output_generated_sdk"],"joinArgs":true,"shell":false,"port":9399} {"metadata":{"emulator":{"name":"dataconnect"},"message":"Starting Data Connect Emulator with command {\"binary\":\"/home/user/.cache/firebase/emulators/dataconnect-emulator-2.15.0\",\"args\":[\"--logtostderr\",\"-v=2\",\"dev\",\"--listen=localhost:50001\",\"--config_dir=/home/user/ByggPilot2.0/dataconnect\",\"--enable_output_schema_extensions=true\",\"--enable_output_generated_sdk=true\"],\"optionalArgs\":[\"listen\",\"config_dir\",\"enable_output_schema_extensions\",\"enable_output_generated_sdk\"],\"joinArgs\":true,\"shell\":false,\"port\":9399}"}}
[info] i  dataconnect: Data Connect Emulator logging to dataconnect-debug.log {"metadata":{"emulator":{"name":"dataconnect"},"message":"Data Connect Emulator logging to dataconnect-debug.log"}}
[debug] [2025-10-25T21:21:31.027Z] <<< [apiv2][status] GET https://firebase.googleapis.com/v1beta1/projects 200
[debug] [2025-10-25T21:21:31.028Z] <<< [apiv2][body] GET https://firebase.googleapis.com/v1beta1/projects [omitted]
[debug] [2025-10-25T21:21:31.366Z] E1025 21:21:31.120374   24260 dev.go:79] Failed to load initial config from "/home/user/ByggPilot2.0/dataconnect": could not find dataconnect.yaml in `/home/user/ByggPilot2.0/dataconnect`
E1025 21:21:31.176174   24260 watch.go:102] watchAllDir unable to walk dir `/home/user/ByggPilot2.0/dataconnect`: lstat /home/user/ByggPilot2.0/dataconnect: no such file or directory
I1025 21:21:31.192380   24260 dev.go:102] Listening on address (HTTP + gRPC): 127.0.0.1:50001
 {"metadata":{"emulator":{"name":"dataconnect"},"message":"E1025 21:21:31.120374   24260 dev.go:79] Failed to load initial config from \"/home/user/ByggPilot2.0/dataconnect\": could not find dataconnect.yaml in `/home/user/ByggPilot2.0/dataconnect`\nE1025 21:21:31.176174   24260 watch.go:102] watchAllDir unable to walk dir `/home/user/ByggPilot2.0/dataconnect`: lstat /home/user/ByggPilot2.0/dataconnect: no such file or directory\nI1025 21:21:31.192380   24260 dev.go:102] Listening on address (HTTP + gRPC): 127.0.0.1:50001\n"}}
[error] [Firebase Plugin] error:  {}
[debug] [2025-10-25T21:21:46.035Z] E1025 21:21:41.178522   24260 watch.go:31] Failed to load config from "/home/user/ByggPilot2.0/dataconnect": could not find dataconnect.yaml in `/home/user/ByggPilot2.0/dataconnect`
 {"metadata":{"emulator":{"name":"dataconnect"},"message":"E1025 21:21:41.178522   24260 watch.go:31] Failed to load config from \"/home/user/ByggPilot2.0/dataconnect\": could not find dataconnect.yaml in `/home/user/ByggPilot2.0/dataconnect`\n"}}
[debug] [2025-10-25T21:21:51.183Z] E1025 21:21:51.182697   24260 watch.go:31] Failed to load config from "/home/user/ByggPilot2.0/dataconnect": could not find dataconnect.yaml in `/home/user/ByggPilot2.0/dataconnect`
 {"metadata":{"emulator":{"name":"dataconnect"},"message":"E1025 21:21:51.182697   24260 watch.go:31] Failed to load config from \"/home/user/ByggPilot2.0/dataconnect\": could not find dataconnect.yaml in `/home/user/ByggPilot2.0/dataconnect`\n"}}
[debug] [2025-10-25T21:22:01.177Z] E1025 21:22:01.177513   24260 watch.go:31] Failed to load config from "/home/user/ByggPilot2.0/dataconnect": could not find dataconnect.yaml in `/home/user/ByggPilot2.0/dataconnect`
 {"metadata":{"emulator":{"name":"dataconnect"},"message":"E1025 21:22:01.177513   24260 watch.go:31] Failed to load config from \"/home/user/ByggPilot2.0/dataconnect\": could not find dataconnect.yaml in `/home/user/ByggPilot2.0/dataconnect`\n"}}
[debug] [2025-10-25T21:22:11.186Z] E1025 21:22:11.186285   24260 watch.go:31] Failed to load config from "/home/user/ByggPilot2.0/dataconnect": could not find dataconnect.yaml in `/home/user/ByggPilot2.0/dataconnect`
 {"metadata":{"emulator":{"name":"dataconnect"},"message":"E1025 21:22:11.186285   24260 watch.go:31] Failed to load config from \"/home/user/ByggPilot2.0/dataconnect\": could not find dataconnect.yaml in `/home/user/ByggPilot2.0/dataconnect`\n"}}
[debug] [2025-10-25T21:22:21.183Z] E1025 21:22:21.182893   24260 watch.go:31] Failed to load config from "/home/user/ByggPilot2.0/dataconnect": could not find dataconnect.yaml in `/home/user/ByggPilot2.0/dataconnect`
 {"metadata":{"emulator":{"name":"dataconnect"},"message":"E1025 21:22:21.182893   24260 watch.go:31] Failed to load config from \"/home/user/ByggPilot2.0/dataconnect\": could not find dataconnect.yaml in `/home/user/ByggPilot2.0/dataconnect`\n"}}
[debug] [2025-10-25T21:22:31.177Z] E1025 21:22:31.177510   24260 watch.go:31] Failed to load config from "/home/user/ByggPilot2.0/dataconnect": could not find dataconnect.yaml in `/home/user/ByggPilot2.0/dataconnect`
 {"metadata":{"emulator":{"name":"dataconnect"},"message":"E1025 21:22:31.177510   24260 watch.go:31] Failed to load config from \"/home/user/ByggPilot2.0/dataconnect\": could not find dataconnect.yaml in `/home/user/ByggPilot2.0/dataconnect`\n"}}
[debug] [2025-10-25T21:22:41.186Z] E1025 21:22:41.186348   24260 watch.go:31] Failed to load config from "/home/user/ByggPilot2.0/dataconnect": could not find dataconnect.yaml in `/home/user/ByggPilot2.0/dataconnect`
 {"metadata":{"emulator":{"name":"dataconnect"},"message":"E1025 21:22:41.186348   24260 watch.go:31] Failed to load config from \"/home/user/ByggPilot2.0/dataconnect\": could not find dataconnect.yaml in `/home/user/ByggPilot2.0/dataconnect`\n"}}
[debug] [2025-10-25T21:22:51.186Z] E1025 21:22:51.186320   24260 watch.go:31] Failed to load config from "/home/user/ByggPilot2.0/dataconnect": could not find dataconnect.yaml in `/home/user/ByggPilot2.0/dataconnect`
 {"metadata":{"emulator":{"name":"dataconnect"},"message":"E1025 21:22:51.186320   24260 watch.go:31] Failed to load config from \"/home/user/ByggPilot2.0/dataconnect\": could not find dataconnect.yaml in `/home/user/ByggPilot2.0/dataconnect`\n"}}
[debug] [2025-10-25T21:23:01.177Z] E1025 21:23:01.177563   24260 watch.go:31] Failed to load config from "/home/user/ByggPilot2.0/dataconnect": could not find dataconnect.yaml in `/home/user/ByggPilot2.0/dataconnect`
 {"metadata":{"emulator":{"name":"dataconnect"},"message":"E1025 21:23:01.177563   24260 watch.go:31] Failed to load config from \"/home/user/ByggPilot2.0/dataconnect\": could not find dataconnect.yaml in `/home/user/ByggPilot2.0/dataconnect`\n"}}
[debug] [2025-10-25T21:23:11.186Z] E1025 21:23:11.186310   24260 watch.go:31] Failed to load config from "/home/user/ByggPilot2.0/dataconnect": could not find dataconnect.yaml in `/home/user/ByggPilot2.0/dataconnect`
 {"metadata":{"emulator":{"name":"dataconnect"},"message":"E1025 21:23:11.186310   24260 watch.go:31] Failed to load config from \"/home/user/ByggPilot2.0/dataconnect\": could not find dataconnect.yaml in `/home/user/ByggPilot2.0/dataconnect`\n"}}
[debug] [2025-10-25T21:23:21.186Z] E1025 21:23:21.186334   24260 watch.go:31] Failed to load config from "/home/user/ByggPilot2.0/dataconnect": could not find dataconnect.yaml in `/home/user/ByggPilot2.0/dataconnect`
 {"metadata":{"emulator":{"name":"dataconnect"},"message":"E1025 21:23:21.186334   24260 watch.go:31] Failed to load config from \"/home/user/ByggPilot2.0/dataconnect\": could not find dataconnect.yaml in `/home/user/ByggPilot2.0/dataconnect`\n"}}
[debug] [2025-10-25T21:23:31.178Z] E1025 21:23:31.178486   24260 watch.go:31] Failed to load config from "/home/user/ByggPilot2.0/dataconnect": could not find dataconnect.yaml in `/home/user/ByggPilot2.0/dataconnect`
E1025 21:23:31.178553   24260 watch.go:102] watchAllDir unable to walk dir `/home/user/ByggPilot2.0/dataconnect`: lstat /home/user/ByggPilot2.0/dataconnect: no such file or directory
 {"metadata":{"emulator":{"name":"dataconnect"},"message":"E1025 21:23:31.178486   24260 watch.go:31] Failed to load config from \"/home/user/ByggPilot2.0/dataconnect\": could not find dataconnect.yaml in `/home/user/ByggPilot2.0/dataconnect`\nE1025 21:23:31.178553   24260 watch.go:102] watchAllDir unable to walk dir `/home/user/ByggPilot2.0/dataconnect`: lstat /home/user/ByggPilot2.0/dataconnect: no such file or directory\n"}}
[debug] [2025-10-25T21:23:41.177Z] E1025 21:23:41.177646   24260 watch.go:31] Failed to load config from "/home/user/ByggPilot2.0/dataconnect": could not find dataconnect.yaml in `/home/user/ByggPilot2.0/dataconnect`
 {"metadata":{"emulator":{"name":"dataconnect"},"message":"E1025 21:23:41.177646   24260 watch.go:31] Failed to load config from \"/home/user/ByggPilot2.0/dataconnect\": could not find dataconnect.yaml in `/home/user/ByggPilot2.0/dataconnect`\n"}}
[debug] [2025-10-25T21:23:51.177Z] E1025 21:23:51.177673   24260 watch.go:31] Failed to load config from "/home/user/ByggPilot2.0/dataconnect": could not find dataconnect.yaml in `/home/user/ByggPilot2.0/dataconnect`
 {"metadata":{"emulator":{"name":"dataconnect"},"message":"E1025 21:23:51.177673   24260 watch.go:31] Failed to load config from \"/home/user/ByggPilot2.0/dataconnect\": could not find dataconnect.yaml in `/home/user/ByggPilot2.0/dataconnect`\n"}}
[debug] [2025-10-25T21:24:01.179Z] E1025 21:24:01.178615   24260 watch.go:31] Failed to load config from "/home/user/ByggPilot2.0/dataconnect": could not find dataconnect.yaml in `/home/user/ByggPilot2.0/dataconnect`
 {"metadata":{"emulator":{"name":"dataconnect"},"message":"E1025 21:24:01.178615   24260 watch.go:31] Failed to load config from \"/home/user/ByggPilot2.0/dataconnect\": could not find dataconnect.yaml in `/home/user/ByggPilot2.0/dataconnect`\n"}}
[debug] [2025-10-25T21:24:11.187Z] E1025 21:24:11.187389   24260 watch.go:31] Failed to load config from "/home/user/ByggPilot2.0/dataconnect": could not find dataconnect.yaml in `/home/user/ByggPilot2.0/dataconnect`
 {"metadata":{"emulator":{"name":"dataconnect"},"message":"E1025 21:24:11.187389   24260 watch.go:31] Failed to load config from \"/home/user/ByggPilot2.0/dataconnect\": could not find dataconnect.yaml in `/home/user/ByggPilot2.0/dataconnect`\n"}}
[debug] [2025-10-25T21:24:21.186Z] E1025 21:24:21.186305   24260 watch.go:31] Failed to load config from "/home/user/ByggPilot2.0/dataconnect": could not find dataconnect.yaml in `/home/user/ByggPilot2.0/dataconnect`
 {"metadata":{"emulator":{"name":"dataconnect"},"message":"E1025 21:24:21.186305   24260 watch.go:31] Failed to load config from \"/home/user/ByggPilot2.0/dataconnect\": could not find dataconnect.yaml in `/home/user/ByggPilot2.0/dataconnect`\n"}}
[debug] [2025-10-25T21:24:31.178Z] E1025 21:24:31.178561   24260 watch.go:31] Failed to load config from "/home/user/ByggPilot2.0/dataconnect": could not find dataconnect.yaml in `/home/user/ByggPilot2.0/dataconnect`
 {"metadata":{"emulator":{"name":"dataconnect"},"message":"E1025 21:24:31.178561   24260 watch.go:31] Failed to load config from \"/home/user/ByggPilot2.0/dataconnect\": could not find dataconnect.yaml in `/home/user/ByggPilot2.0/dataconnect`\n"}}
[debug] [2025-10-25T21:24:41.183Z] E1025 21:24:41.182838   24260 watch.go:31] Failed to load config from "/home/user/ByggPilot2.0/dataconnect": could not find dataconnect.yaml in `/home/user/ByggPilot2.0/dataconnect`
 {"metadata":{"emulator":{"name":"dataconnect"},"message":"E1025 21:24:41.182838   24260 watch.go:31] Failed to load config from \"/home/user/ByggPilot2.0/dataconnect\": could not find dataconnect.yaml in `/home/user/ByggPilot2.0/dataconnect`\n"}}
[debug] [2025-10-25T21:24:51.183Z] E1025 21:24:51.182870   24260 watch.go:31] Failed to load config from "/home/user/ByggPilot2.0/dataconnect": could not find dataconnect.yaml in `/home/user/ByggPilot2.0/dataconnect`
 {"metadata":{"emulator":{"name":"dataconnect"},"message":"E1025 21:24:51.182870   24260 watch.go:31] Failed to load config from \"/home/user/ByggPilot2.0/dataconnect\": could not find dataconnect.yaml in `/home/user/ByggPilot2.0/dataconnect`\n"}}
[debug] [2025-10-25T21:25:01.178Z] E1025 21:25:01.178401   24260 watch.go:31] Failed to load config from "/home/user/ByggPilot2.0/dataconnect": could not find dataconnect.yaml in `/home/user/ByggPilot2.0/dataconnect`
 {"metadata":{"emulator":{"name":"dataconnect"},"message":"E1025 21:25:01.178401   24260 watch.go:31] Failed to load config from \"/home/user/ByggPilot2.0/dataconnect\": could not find dataconnect.yaml in `/home/user/ByggPilot2.0/dataconnect`\n"}}
[debug] [2025-10-25T21:25:11.177Z] E1025 21:25:11.177687   24260 watch.go:31] Failed to load config from "/home/user/ByggPilot2.0/dataconnect": could not find dataconnect.yaml in `/home/user/ByggPilot2.0/dataconnect`
 {"metadata":{"emulator":{"name":"dataconnect"},"message":"E1025 21:25:11.177687   24260 watch.go:31] Failed to load config from \"/home/user/ByggPilot2.0/dataconnect\": could not find dataconnect.yaml in `/home/user/ByggPilot2.0/dataconnect`\n"}}
[debug] [2025-10-25T21:25:21.182Z] E1025 21:25:21.182218   24260 watch.go:31] Failed to load config from "/home/user/ByggPilot2.0/dataconnect": could not find dataconnect.yaml in `/home/user/ByggPilot2.0/dataconnect`
 {"metadata":{"emulator":{"name":"dataconnect"},"message":"E1025 21:25:21.182218   24260 watch.go:31] Failed to load config from \"/home/user/ByggPilot2.0/dataconnect\": could not find dataconnect.yaml in `/home/user/ByggPilot2.0/dataconnect`\n"}}
[debug] [2025-10-25T21:25:31.177Z] E1025 21:25:31.177539   24260 watch.go:31] Failed to load config from "/home/user/ByggPilot2.0/dataconnect": could not find dataconnect.yaml in `/home/user/ByggPilot2.0/dataconnect`
E1025 21:25:31.177607   24260 watch.go:102] watchAllDir unable to walk dir `/home/user/ByggPilot2.0/dataconnect`: lstat /home/user/ByggPilot2.0/dataconnect: no such file or directory
 {"metadata":{"emulator":{"name":"dataconnect"},"message":"E1025 21:25:31.177539   24260 watch.go:31] Failed to load config from \"/home/user/ByggPilot2.0/dataconnect\": could not find dataconnect.yaml in `/home/user/ByggPilot2.0/dataconnect`\nE1025 21:25:31.177607   24260 watch.go:102] watchAllDir unable to walk dir `/home/user/ByggPilot2.0/dataconnect`: lstat /home/user/ByggPilot2.0/dataconnect: no such file or directory\n"}}
[debug] [2025-10-25T21:25:41.178Z] E1025 21:25:41.178225   24260 watch.go:31] Failed to load config from "/home/user/ByggPilot2.0/dataconnect": could not find dataconnect.yaml in `/home/user/ByggPilot2.0/dataconnect`
 {"metadata":{"emulator":{"name":"dataconnect"},"message":"E1025 21:25:41.178225   24260 watch.go:31] Failed to load config from \"/home/user/ByggPilot2.0/dataconnect\": could not find dataconnect.yaml in `/home/user/ByggPilot2.0/dataconnect`\n"}}
[debug] [2025-10-25T21:25:51.187Z] E1025 21:25:51.186441   24260 watch.go:31] Failed to load config from "/home/user/ByggPilot2.0/dataconnect": could not find dataconnect.yaml in `/home/user/ByggPilot2.0/dataconnect`
 {"metadata":{"emulator":{"name":"dataconnect"},"message":"E1025 21:25:51.186441   24260 watch.go:31] Failed to load config from \"/home/user/ByggPilot2.0/dataconnect\": could not find dataconnect.yaml in `/home/user/ByggPilot2.0/dataconnect`\n"}}
[debug] [2025-10-25T21:26:01.177Z] E1025 21:26:01.177634   24260 watch.go:31] Failed to load config from "/home/user/ByggPilot2.0/dataconnect": could not find dataconnect.yaml in `/home/user/ByggPilot2.0/dataconnect`
 {"metadata":{"emulator":{"name":"dataconnect"},"message":"E1025 21:26:01.177634   24260 watch.go:31] Failed to load config from \"/home/user/ByggPilot2.0/dataconnect\": could not find dataconnect.yaml in `/home/user/ByggPilot2.0/dataconnect`\n"}}
[debug] [2025-10-25T21:26:11.186Z] E1025 21:26:11.186337   24260 watch.go:31] Failed to load config from "/home/user/ByggPilot2.0/dataconnect": could not find dataconnect.yaml in `/home/user/ByggPilot2.0/dataconnect`
 {"metadata":{"emulator":{"name":"dataconnect"},"message":"E1025 21:26:11.186337   24260 watch.go:31] Failed to load config from \"/home/user/ByggPilot2.0/dataconnect\": could not find dataconnect.yaml in `/home/user/ByggPilot2.0/dataconnect`\n"}}
[debug] [2025-10-25T21:26:21.183Z] E1025 21:26:21.183125   24260 watch.go:31] Failed to load config from "/home/user/ByggPilot2.0/dataconnect": could not find dataconnect.yaml in `/home/user/ByggPilot2.0/dataconnect`
 {"metadata":{"emulator":{"name":"dataconnect"},"message":"E1025 21:26:21.183125   24260 watch.go:31] Failed to load config from \"/home/user/ByggPilot2.0/dataconnect\": could not find dataconnect.yaml in `/home/user/ByggPilot2.0/dataconnect`\n"}}
[debug] [2025-10-25T21:26:31.177Z] E1025 21:26:31.177498   24260 watch.go:31] Failed to load config from "/home/user/ByggPilot2.0/dataconnect": could not find dataconnect.yaml in `/home/user/ByggPilot2.0/dataconnect`
 {"metadata":{"emulator":{"name":"dataconnect"},"message":"E1025 21:26:31.177498   24260 watch.go:31] Failed to load config from \"/home/user/ByggPilot2.0/dataconnect\": could not find dataconnect.yaml in `/home/user/ByggPilot2.0/dataconnect`\n"}}
[debug] [2025-10-25T21:26:41.187Z] E1025 21:26:41.186854   24260 watch.go:31] Failed to load config from "/home/user/ByggPilot2.0/dataconnect": could not find dataconnect.yaml in `/home/user/ByggPilot2.0/dataconnect`
 {"metadata":{"emulator":{"name":"dataconnect"},"message":"E1025 21:26:41.186854   24260 watch.go:31] Failed to load config from \"/home/user/ByggPilot2.0/dataconnect\": could not find dataconnect.yaml in `/home/user/ByggPilot2.0/dataconnect`\n"}}
[debug] [2025-10-25T21:26:51.178Z] E1025 21:26:51.178343   24260 watch.go:31] Failed to load config from "/home/user/ByggPilot2.0/dataconnect": could not find dataconnect.yaml in `/home/user/ByggPilot2.0/dataconnect`
 {"metadata":{"emulator":{"name":"dataconnect"},"message":"E1025 21:26:51.178343   24260 watch.go:31] Failed to load config from \"/home/user/ByggPilot2.0/dataconnect\": could not find dataconnect.yaml in `/home/user/ByggPilot2.0/dataconnect`\n"}}
[debug] [2025-10-25T21:27:01.178Z] E1025 21:27:01.177837   24260 watch.go:31] Failed to load config from "/home/user/ByggPilot2.0/dataconnect": could not find dataconnect.yaml in `/home/user/ByggPilot2.0/dataconnect`
 {"metadata":{"emulator":{"name":"dataconnect"},"message":"E1025 21:27:01.177837   24260 watch.go:31] Failed to load config from \"/home/user/ByggPilot2.0/dataconnect\": could not find dataconnect.yaml in `/home/user/ByggPilot2.0/dataconnect`\n"}}
[debug] [2025-10-25T21:27:11.182Z] E1025 21:27:11.182430   24260 watch.go:31] Failed to load config from "/home/user/ByggPilot2.0/dataconnect": could not find dataconnect.yaml in `/home/user/ByggPilot2.0/dataconnect`
 {"metadata":{"emulator":{"name":"dataconnect"},"message":"E1025 21:27:11.182430   24260 watch.go:31] Failed to load config from \"/home/user/ByggPilot2.0/dataconnect\": could not find dataconnect.yaml in `/home/user/ByggPilot2.0/dataconnect`\n"}}
[debug] [2025-10-25T21:27:21.187Z] E1025 21:27:21.187579   24260 watch.go:31] Failed to load config from "/home/user/ByggPilot2.0/dataconnect": could not find dataconnect.yaml in `/home/user/ByggPilot2.0/dataconnect`
 {"metadata":{"emulator":{"name":"dataconnect"},"message":"E1025 21:27:21.187579   24260 watch.go:31] Failed to load config from \"/home/user/ByggPilot2.0/dataconnect\": could not find dataconnect.yaml in `/home/user/ByggPilot2.0/dataconnect`\n"}}
[debug] [2025-10-25T21:27:31.178Z] E1025 21:27:31.177997   24260 watch.go:31] Failed to load config from "/home/user/ByggPilot2.0/dataconnect": could not find dataconnect.yaml in `/home/user/ByggPilot2.0/dataconnect`
 {"metadata":{"emulator":{"name":"dataconnect"},"message":"E1025 21:27:31.177997   24260 watch.go:31] Failed to load config from \"/home/user/ByggPilot2.0/dataconnect\": could not find dataconnect.yaml in `/home/user/ByggPilot2.0/dataconnect`\n"}}
[debug] [2025-10-25T21:27:31.179Z] E1025 21:27:31.178181   24260 watch.go:102] watchAllDir unable to walk dir `/home/user/ByggPilot2.0/dataconnect`: lstat /home/user/ByggPilot2.0/dataconnect: no such file or directory
 {"metadata":{"emulator":{"name":"dataconnect"},"message":"E1025 21:27:31.178181   24260 watch.go:102] watchAllDir unable to walk dir `/home/user/ByggPilot2.0/dataconnect`: lstat /home/user/ByggPilot2.0/dataconnect: no such file or directory\n"}}
[debug] [2025-10-25T21:27:41.186Z] E1025 21:27:41.186274   24260 watch.go:31] Failed to load config from "/home/user/ByggPilot2.0/dataconnect": could not find dataconnect.yaml in `/home/user/ByggPilot2.0/dataconnect`
 {"metadata":{"emulator":{"name":"dataconnect"},"message":"E1025 21:27:41.186274   24260 watch.go:31] Failed to load config from \"/home/user/ByggPilot2.0/dataconnect\": could not find dataconnect.yaml in `/home/user/ByggPilot2.0/dataconnect`\n"}}
[debug] [2025-10-25T21:27:51.178Z] E1025 21:27:51.178578   24260 watch.go:31] Failed to load config from "/home/user/ByggPilot2.0/dataconnect": could not find dataconnect.yaml in `/home/user/ByggPilot2.0/dataconnect`
 {"metadata":{"emulator":{"name":"dataconnect"},"message":"E1025 21:27:51.178578   24260 watch.go:31] Failed to load config from \"/home/user/ByggPilot2.0/dataconnect\": could not find dataconnect.yaml in `/home/user/ByggPilot2.0/dataconnect`\n"}}
[debug] [2025-10-25T21:28:01.178Z] E1025 21:28:01.178303   24260 watch.go:31] Failed to load config from "/home/user/ByggPilot2.0/dataconnect": could not find dataconnect.yaml in `/home/user/ByggPilot2.0/dataconnect`
 {"metadata":{"emulator":{"name":"dataconnect"},"message":"E1025 21:28:01.178303   24260 watch.go:31] Failed to load config from \"/home/user/ByggPilot2.0/dataconnect\": could not find dataconnect.yaml in `/home/user/ByggPilot2.0/dataconnect`\n"}}
[debug] [2025-10-25T21:28:11.187Z] E1025 21:28:11.187278   24260 watch.go:31] Failed to load config from "/home/user/ByggPilot2.0/dataconnect": could not find dataconnect.yaml in `/home/user/ByggPilot2.0/dataconnect`
 {"metadata":{"emulator":{"name":"dataconnect"},"message":"E1025 21:28:11.187278   24260 watch.go:31] Failed to load config from \"/home/user/ByggPilot2.0/dataconnect\": could not find dataconnect.yaml in `/home/user/ByggPilot2.0/dataconnect`\n"}}
[debug] [2025-10-25T21:28:21.194Z] E1025 21:28:21.185909   24260 watch.go:31] Failed to load config from "/home/user/ByggPilot2.0/dataconnect": could not find dataconnect.yaml in `/home/user/ByggPilot2.0/dataconnect`
 {"metadata":{"emulator":{"name":"dataconnect"},"message":"E1025 21:28:21.185909   24260 watch.go:31] Failed to load config from \"/home/user/ByggPilot2.0/dataconnect\": could not find dataconnect.yaml in `/home/user/ByggPilot2.0/dataconnect`\n"}}
[debug] [2025-10-25T21:28:31.178Z] E1025 21:28:31.178556   24260 watch.go:31] Failed to load config from "/home/user/ByggPilot2.0/dataconnect": could not find dataconnect.yaml in `/home/user/ByggPilot2.0/dataconnect`
 {"metadata":{"emulator":{"name":"dataconnect"},"message":"E1025 21:28:31.178556   24260 watch.go:31] Failed to load config from \"/home/user/ByggPilot2.0/dataconnect\": could not find dataconnect.yaml in `/home/user/ByggPilot2.0/dataconnect`\n"}}
[debug] [2025-10-25T21:28:41.186Z] E1025 21:28:41.186343   24260 watch.go:31] Failed to load config from "/home/user/ByggPilot2.0/dataconnect": could not find dataconnect.yaml in `/home/user/ByggPilot2.0/dataconnect`
 {"metadata":{"emulator":{"name":"dataconnect"},"message":"E1025 21:28:41.186343   24260 watch.go:31] Failed to load config from \"/home/user/ByggPilot2.0/dataconnect\": could not find dataconnect.yaml in `/home/user/ByggPilot2.0/dataconnect`\n"}}
[debug] [2025-10-25T21:28:51.187Z] E1025 21:28:51.187469   24260 watch.go:31] Failed to load config from "/home/user/ByggPilot2.0/dataconnect": could not find dataconnect.yaml in `/home/user/ByggPilot2.0/dataconnect`
 {"metadata":{"emulator":{"name":"dataconnect"},"message":"E1025 21:28:51.187469   24260 watch.go:31] Failed to load config from \"/home/user/ByggPilot2.0/dataconnect\": could not find dataconnect.yaml in `/home/user/ByggPilot2.0/dataconnect`\n"}}
[debug] [2025-10-25T21:29:01.178Z] E1025 21:29:01.177946   24260 watch.go:31] Failed to load config from "/home/user/ByggPilot2.0/dataconnect": could not find dataconnect.yaml in `/home/user/ByggPilot2.0/dataconnect`
 {"metadata":{"emulator":{"name":"dataconnect"},"message":"E1025 21:29:01.177946   24260 watch.go:31] Failed to load config from \"/home/user/ByggPilot2.0/dataconnect\": could not find dataconnect.yaml in `/home/user/ByggPilot2.0/dataconnect`\n"}}
[debug] [2025-10-25T21:29:11.187Z] E1025 21:29:11.187362   24260 watch.go:31] Failed to load config from "/home/user/ByggPilot2.0/dataconnect": could not find dataconnect.yaml in `/home/user/ByggPilot2.0/dataconnect`
 {"metadata":{"emulator":{"name":"dataconnect"},"message":"E1025 21:29:11.187362   24260 watch.go:31] Failed to load config from \"/home/user/ByggPilot2.0/dataconnect\": could not find dataconnect.yaml in `/home/user/ByggPilot2.0/dataconnect`\n"}}
[debug] [2025-10-25T21:29:21.179Z] E1025 21:29:21.179489   24260 watch.go:31] Failed to load config from "/home/user/ByggPilot2.0/dataconnect": could not find dataconnect.yaml in `/home/user/ByggPilot2.0/dataconnect`
 {"metadata":{"emulator":{"name":"dataconnect"},"message":"E1025 21:29:21.179489   24260 watch.go:31] Failed to load config from \"/home/user/ByggPilot2.0/dataconnect\": could not find dataconnect.yaml in `/home/user/ByggPilot2.0/dataconnect`\n"}}
[debug] [2025-10-25T21:29:31.183Z] E1025 21:29:31.177571   24260 watch.go:31] Failed to load config from "/home/user/ByggPilot2.0/dataconnect": could not find dataconnect.yaml in `/home/user/ByggPilot2.0/dataconnect`
E1025 21:29:31.177626   24260 watch.go:102] watchAllDir unable to walk dir `/home/user/ByggPilot2.0/dataconnect`: lstat /home/user/ByggPilot2.0/dataconnect: no such file or directory
 {"metadata":{"emulator":{"name":"dataconnect"},"message":"E1025 21:29:31.177571   24260 watch.go:31] Failed to load config from \"/home/user/ByggPilot2.0/dataconnect\": could not find dataconnect.yaml in `/home/user/ByggPilot2.0/dataconnect`\nE1025 21:29:31.177626   24260 watch.go:102] watchAllDir unable to walk dir `/home/user/ByggPilot2.0/dataconnect`: lstat /home/user/ByggPilot2.0/dataconnect: no such file or directory\n"}}
[debug] [2025-10-25T21:29:41.187Z] E1025 21:29:41.187245   24260 watch.go:31] Failed to load config from "/home/user/ByggPilot2.0/dataconnect": could not find dataconnect.yaml in `/home/user/ByggPilot2.0/dataconnect`
 {"metadata":{"emulator":{"name":"dataconnect"},"message":"E1025 21:29:41.187245   24260 watch.go:31] Failed to load config from \"/home/user/ByggPilot2.0/dataconnect\": could not find dataconnect.yaml in `/home/user/ByggPilot2.0/dataconnect`\n"}}
[debug] [2025-10-25T21:29:43.121Z] [Firebase Plugin] Value of process.env.MONOSPACE_ENV: true
[debug] [2025-10-25T21:29:43.122Z] [Firebase Plugin] requireAuthWrapper
[debug] [2025-10-25T21:29:43.124Z] > command requires scopes: ["email","openid","https://www.googleapis.com/auth/cloudplatformprojects.readonly","https://www.googleapis.com/auth/firebase","https://www.googleapis.com/auth/cloud-platform","https://www.googleapis.com/auth/userinfo.email"]
[debug] [2025-10-25T21:29:43.124Z] > authorizing via signed-in user (usbmicke@gmail.com)
[debug] [2025-10-25T21:29:43.125Z] [Firebase Plugin] Value of process.env.MONOSPACE_ENV: true
[debug] [2025-10-25T21:29:43.126Z] [Firebase Plugin] requireAuthWrapper
[debug] [2025-10-25T21:29:43.126Z] > command requires scopes: ["email","openid","https://www.googleapis.com/auth/cloudplatformprojects.readonly","https://www.googleapis.com/auth/firebase","https://www.googleapis.com/auth/cloud-platform","https://www.googleapis.com/auth/userinfo.email"]
[debug] [2025-10-25T21:29:43.127Z] > authorizing via signed-in user (usbmicke@gmail.com)
[debug] [2025-10-25T21:29:43.128Z] Emulator locator file path: /tmp/hub-byggpilot-v2.json
[debug] [2025-10-25T21:29:43.129Z] Checked if tokens are valid: true, expires at: 1761430888910
[debug] [2025-10-25T21:29:43.129Z] Checked if tokens are valid: true, expires at: 1761430888910
[debug] [2025-10-25T21:29:43.130Z] [Firebase Plugin] User found:  usbmicke@gmail.com
[debug] [2025-10-25T21:29:43.130Z] [Firebase Plugin] User found:  usbmicke@gmail.com
[info] [Firebase Plugin] (Core:Project) New user detected, fetching projects
[debug] [2025-10-25T21:29:43.132Z] Checked if tokens are valid: true, expires at: 1761430888910
[info] [Firebase Plugin] (Core:Project) New user detected, fetching projects
[debug] [2025-10-25T21:29:43.133Z] Checked if tokens are valid: true, expires at: 1761430888910
[debug] [2025-10-25T21:29:43.135Z] >>> [apiv2][query] GET https://firebase.googleapis.com/v1beta1/projects pageSize=1000
[debug] [2025-10-25T21:29:43.142Z] >>> [apiv2][query] GET https://firebase.googleapis.com/v1beta1/projects pageSize=1000
[debug] [2025-10-25T21:29:43.621Z] <<< [apiv2][status] GET https://firebase.googleapis.com/v1beta1/projects 200
[debug] [2025-10-25T21:29:43.622Z] <<< [apiv2][body] GET https://firebase.googleapis.com/v1beta1/projects [omitted]
[debug] [2025-10-25T21:29:43.646Z] <<< [apiv2][status] GET https://firebase.googleapis.com/v1beta1/projects 200
[debug] [2025-10-25T21:29:43.646Z] <<< [apiv2][body] GET https://firebase.googleapis.com/v1beta1/projects [omitted]
[debug] [2025-10-25T21:29:51.187Z] E1025 21:29:51.187282   24260 watch.go:31] Failed to load config from "/home/user/ByggPilot2.0/dataconnect": could not find dataconnect.yaml in `/home/user/ByggPilot2.0/dataconnect`
 {"metadata":{"emulator":{"name":"dataconnect"},"message":"E1025 21:29:51.187282   24260 watch.go:31] Failed to load config from \"/home/user/ByggPilot2.0/dataconnect\": could not find dataconnect.yaml in `/home/user/ByggPilot2.0/dataconnect`\n"}}
[debug] [2025-10-25T21:30:01.177Z] E1025 21:30:01.177627   24260 watch.go:31] Failed to load config from "/home/user/ByggPilot2.0/dataconnect": could not find dataconnect.yaml in `/home/user/ByggPilot2.0/dataconnect`
 {"metadata":{"emulator":{"name":"dataconnect"},"message":"E1025 21:30:01.177627   24260 watch.go:31] Failed to load config from \"/home/user/ByggPilot2.0/dataconnect\": could not find dataconnect.yaml in `/home/user/ByggPilot2.0/dataconnect`\n"}}
[debug] [2025-10-25T21:30:11.182Z] E1025 21:30:11.182412   24260 watch.go:31] Failed to load config from "/home/user/ByggPilot2.0/dataconnect": could not find dataconnect.yaml in `/home/user/ByggPilot2.0/dataconnect`
 {"metadata":{"emulator":{"name":"dataconnect"},"message":"E1025 21:30:11.182412   24260 watch.go:31] Failed to load config from \"/home/user/ByggPilot2.0/dataconnect\": could not find dataconnect.yaml in `/home/user/ByggPilot2.0/dataconnect`\n"}}
[debug] [2025-10-25T21:30:21.183Z] E1025 21:30:21.182793   24260 watch.go:31] Failed to load config from "/home/user/ByggPilot2.0/dataconnect": could not find dataconnect.yaml in `/home/user/ByggPilot2.0/dataconnect`
 {"metadata":{"emulator":{"name":"dataconnect"},"message":"E1025 21:30:21.182793   24260 watch.go:31] Failed to load config from \"/home/user/ByggPilot2.0/dataconnect\": could not find dataconnect.yaml in `/home/user/ByggPilot2.0/dataconnect`\n"}}
[debug] [2025-10-25T21:30:31.177Z] E1025 21:30:31.177559   24260 watch.go:31] Failed to load config from "/home/user/ByggPilot2.0/dataconnect": could not find dataconnect.yaml in `/home/user/ByggPilot2.0/dataconnect`
 {"metadata":{"emulator":{"name":"dataconnect"},"message":"E1025 21:30:31.177559   24260 watch.go:31] Failed to load config from \"/home/user/ByggPilot2.0/dataconnect\": could not find dataconnect.yaml in `/home/user/ByggPilot2.0/dataconnect`\n"}}
[debug] [2025-10-25T21:30:41.186Z] E1025 21:30:41.186286   24260 watch.go:31] Failed to load config from "/home/user/ByggPilot2.0/dataconnect": could not find dataconnect.yaml in `/home/user/ByggPilot2.0/dataconnect`
 {"metadata":{"emulator":{"name":"dataconnect"},"message":"E1025 21:30:41.186286   24260 watch.go:31] Failed to load config from \"/home/user/ByggPilot2.0/dataconnect\": could not find dataconnect.yaml in `/home/user/ByggPilot2.0/dataconnect`\n"}}
[debug] [2025-10-25T21:30:51.187Z] E1025 21:30:51.187462   24260 watch.go:31] Failed to load config from "/home/user/ByggPilot2.0/dataconnect": could not find dataconnect.yaml in `/home/user/ByggPilot2.0/dataconnect`
 {"metadata":{"emulator":{"name":"dataconnect"},"message":"E1025 21:30:51.187462   24260 watch.go:31] Failed to load config from \"/home/user/ByggPilot2.0/dataconnect\": could not find dataconnect.yaml in `/home/user/ByggPilot2.0/dataconnect`\n"}}
[debug] [2025-10-25T21:31:01.178Z] E1025 21:31:01.177904   24260 watch.go:31] Failed to load config from "/home/user/ByggPilot2.0/dataconnect": could not find dataconnect.yaml in `/home/user/ByggPilot2.0/dataconnect`
 {"metadata":{"emulator":{"name":"dataconnect"},"message":"E1025 21:31:01.177904   24260 watch.go:31] Failed to load config from \"/home/user/ByggPilot2.0/dataconnect\": could not find dataconnect.yaml in `/home/user/ByggPilot2.0/dataconnect`\n"}}
[debug] [2025-10-25T21:31:11.182Z] E1025 21:31:11.182197   24260 watch.go:31] Failed to load config from "/home/user/ByggPilot2.0/dataconnect": could not find dataconnect.yaml in `/home/user/ByggPilot2.0/dataconnect`
 {"metadata":{"emulator":{"name":"dataconnect"},"message":"E1025 21:31:11.182197   24260 watch.go:31] Failed to load config from \"/home/user/ByggPilot2.0/dataconnect\": could not find dataconnect.yaml in `/home/user/ByggPilot2.0/dataconnect`\n"}}
[debug] [2025-10-25T21:31:21.187Z] E1025 21:31:21.187217   24260 watch.go:31] Failed to load config from "/home/user/ByggPilot2.0/dataconnect": could not find dataconnect.yaml in `/home/user/ByggPilot2.0/dataconnect`
 {"metadata":{"emulator":{"name":"dataconnect"},"message":"E1025 21:31:21.187217   24260 watch.go:31] Failed to load config from \"/home/user/ByggPilot2.0/dataconnect\": could not find dataconnect.yaml in `/home/user/ByggPilot2.0/dataconnect`\n"}}
[debug] [2025-10-25T21:31:31.177Z] E1025 21:31:31.177565   24260 watch.go:31] Failed to load config from "/home/user/ByggPilot2.0/dataconnect": could not find dataconnect.yaml in `/home/user/ByggPilot2.0/dataconnect`
E1025 21:31:31.177625   24260 watch.go:102] watchAllDir unable to walk dir `/home/user/ByggPilot2.0/dataconnect`: lstat /home/user/ByggPilot2.0/dataconnect: no such file or directory
 {"metadata":{"emulator":{"name":"dataconnect"},"message":"E1025 21:31:31.177565   24260 watch.go:31] Failed to load config from \"/home/user/ByggPilot2.0/dataconnect\": could not find dataconnect.yaml in `/home/user/ByggPilot2.0/dataconnect`\nE1025 21:31:31.177625   24260 watch.go:102] watchAllDir unable to walk dir `/home/user/ByggPilot2.0/dataconnect`: lstat /home/user/ByggPilot2.0/dataconnect: no such file or directory\n"}}
[debug] [2025-10-25T21:31:41.186Z] E1025 21:31:41.186295   24260 watch.go:31] Failed to load config from "/home/user/ByggPilot2.0/dataconnect": could not find dataconnect.yaml in `/home/user/ByggPilot2.0/dataconnect`
 {"metadata":{"emulator":{"name":"dataconnect"},"message":"E1025 21:31:41.186295   24260 watch.go:31] Failed to load config from \"/home/user/ByggPilot2.0/dataconnect\": could not find dataconnect.yaml in `/home/user/ByggPilot2.0/dataconnect`\n"}}
[debug] [2025-10-25T21:31:51.186Z] E1025 21:31:51.186069   24260 watch.go:31] Failed to load config from "/home/user/ByggPilot2.0/dataconnect": could not find dataconnect.yaml in `/home/user/ByggPilot2.0/dataconnect`
 {"metadata":{"emulator":{"name":"dataconnect"},"message":"E1025 21:31:51.186069   24260 watch.go:31] Failed to load config from \"/home/user/ByggPilot2.0/dataconnect\": could not find dataconnect.yaml in `/home/user/ByggPilot2.0/dataconnect`\n"}}
[debug] [2025-10-25T21:32:01.178Z] E1025 21:32:01.178210   24260 watch.go:31] Failed to load config from "/home/user/ByggPilot2.0/dataconnect": could not find dataconnect.yaml in `/home/user/ByggPilot2.0/dataconnect`
 {"metadata":{"emulator":{"name":"dataconnect"},"message":"E1025 21:32:01.178210   24260 watch.go:31] Failed to load config from \"/home/user/ByggPilot2.0/dataconnect\": could not find dataconnect.yaml in `/home/user/ByggPilot2.0/dataconnect`\n"}}
[debug] [2025-10-25T21:32:11.177Z] E1025 21:32:11.177691   24260 watch.go:31] Failed to load config from "/home/user/ByggPilot2.0/dataconnect": could not find dataconnect.yaml in `/home/user/ByggPilot2.0/dataconnect`
 {"metadata":{"emulator":{"name":"dataconnect"},"message":"E1025 21:32:11.177691   24260 watch.go:31] Failed to load config from \"/home/user/ByggPilot2.0/dataconnect\": could not find dataconnect.yaml in `/home/user/ByggPilot2.0/dataconnect`\n"}}
[debug] [2025-10-25T21:32:21.177Z] E1025 21:32:21.177683   24260 watch.go:31] Failed to load config from "/home/user/ByggPilot2.0/dataconnect": could not find dataconnect.yaml in `/home/user/ByggPilot2.0/dataconnect`
 {"metadata":{"emulator":{"name":"dataconnect"},"message":"E1025 21:32:21.177683   24260 watch.go:31] Failed to load config from \"/home/user/ByggPilot2.0/dataconnect\": could not find dataconnect.yaml in `/home/user/ByggPilot2.0/dataconnect`\n"}}
[debug] [2025-10-25T21:32:31.178Z] E1025 21:32:31.178257   24260 watch.go:31] Failed to load config from "/home/user/ByggPilot2.0/dataconnect": could not find dataconnect.yaml in `/home/user/ByggPilot2.0/dataconnect`
 {"metadata":{"emulator":{"name":"dataconnect"},"message":"E1025 21:32:31.178257   24260 watch.go:31] Failed to load config from \"/home/user/ByggPilot2.0/dataconnect\": could not find dataconnect.yaml in `/home/user/ByggPilot2.0/dataconnect`\n"}}
[debug] [2025-10-25T21:32:41.187Z] E1025 21:32:41.187573   24260 watch.go:31] Failed to load config from "/home/user/ByggPilot2.0/dataconnect": could not find dataconnect.yaml in `/home/user/ByggPilot2.0/dataconnect`
 {"metadata":{"emulator":{"name":"dataconnect"},"message":"E1025 21:32:41.187573   24260 watch.go:31] Failed to load config from \"/home/user/ByggPilot2.0/dataconnect\": could not find dataconnect.yaml in `/home/user/ByggPilot2.0/dataconnect`\n"}}
[debug] [2025-10-25T21:32:51.183Z] E1025 21:32:51.182760   24260 watch.go:31] Failed to load config from "/home/user/ByggPilot2.0/dataconnect": could not find dataconnect.yaml in `/home/user/ByggPilot2.0/dataconnect`
 {"metadata":{"emulator":{"name":"dataconnect"},"message":"E1025 21:32:51.182760   24260 watch.go:31] Failed to load config from \"/home/user/ByggPilot2.0/dataconnect\": could not find dataconnect.yaml in `/home/user/ByggPilot2.0/dataconnect`\n"}}
[debug] [2025-10-25T21:33:01.177Z] E1025 21:33:01.177699   24260 watch.go:31] Failed to load config from "/home/user/ByggPilot2.0/dataconnect": could not find dataconnect.yaml in `/home/user/ByggPilot2.0/dataconnect`
 {"metadata":{"emulator":{"name":"dataconnect"},"message":"E1025 21:33:01.177699   24260 watch.go:31] Failed to load config from \"/home/user/ByggPilot2.0/dataconnect\": could not find dataconnect.yaml in `/home/user/ByggPilot2.0/dataconnect`\n"}}
[debug] [2025-10-25T21:33:11.182Z] E1025 21:33:11.182152   24260 watch.go:31] Failed to load config from "/home/user/ByggPilot2.0/dataconnect": could not find dataconnect.yaml in `/home/user/ByggPilot2.0/dataconnect`
 {"metadata":{"emulator":{"name":"dataconnect"},"message":"E1025 21:33:11.182152   24260 watch.go:31] Failed to load config from \"/home/user/ByggPilot2.0/dataconnect\": could not find dataconnect.yaml in `/home/user/ByggPilot2.0/dataconnect`\n"}}
[debug] [2025-10-25T21:33:21.187Z] E1025 21:33:21.187349   24260 watch.go:31] Failed to load config from "/home/user/ByggPilot2.0/dataconnect": could not find dataconnect.yaml in `/home/user/ByggPilot2.0/dataconnect`
 {"metadata":{"emulator":{"name":"dataconnect"},"message":"E1025 21:33:21.187349   24260 watch.go:31] Failed to load config from \"/home/user/ByggPilot2.0/dataconnect\": could not find dataconnect.yaml in `/home/user/ByggPilot2.0/dataconnect`\n"}}
[debug] [2025-10-25T21:33:31.178Z] E1025 21:33:31.177804   24260 watch.go:31] Failed to load config from "/home/user/ByggPilot2.0/dataconnect": could not find dataconnect.yaml in `/home/user/ByggPilot2.0/dataconnect`
E1025 21:33:31.177866   24260 watch.go:102] watchAllDir unable to walk dir `/home/user/ByggPilot2.0/dataconnect`: lstat /home/user/ByggPilot2.0/dataconnect: no such file or directory
 {"metadata":{"emulator":{"name":"dataconnect"},"message":"E1025 21:33:31.177804   24260 watch.go:31] Failed to load config from \"/home/user/ByggPilot2.0/dataconnect\": could not find dataconnect.yaml in `/home/user/ByggPilot2.0/dataconnect`\nE1025 21:33:31.177866   24260 watch.go:102] watchAllDir unable to walk dir `/home/user/ByggPilot2.0/dataconnect`: lstat /home/user/ByggPilot2.0/dataconnect: no such file or directory\n"}}
[debug] [2025-10-25T21:33:41.183Z] E1025 21:33:41.182867   24260 watch.go:31] Failed to load config from "/home/user/ByggPilot2.0/dataconnect": could not find dataconnect.yaml in `/home/user/ByggPilot2.0/dataconnect`
 {"metadata":{"emulator":{"name":"dataconnect"},"message":"E1025 21:33:41.182867   24260 watch.go:31] Failed to load config from \"/home/user/ByggPilot2.0/dataconnect\": could not find dataconnect.yaml in `/home/user/ByggPilot2.0/dataconnect`\n"}}
[debug] [2025-10-25T21:33:51.183Z] E1025 21:33:51.182912   24260 watch.go:31] Failed to load config from "/home/user/ByggPilot2.0/dataconnect": could not find dataconnect.yaml in `/home/user/ByggPilot2.0/dataconnect`
 {"metadata":{"emulator":{"name":"dataconnect"},"message":"E1025 21:33:51.182912   24260 watch.go:31] Failed to load config from \"/home/user/ByggPilot2.0/dataconnect\": could not find dataconnect.yaml in `/home/user/ByggPilot2.0/dataconnect`\n"}}
[debug] [2025-10-25T21:34:01.178Z] E1025 21:34:01.178316   24260 watch.go:31] Failed to load config from "/home/user/ByggPilot2.0/dataconnect": could not find dataconnect.yaml in `/home/user/ByggPilot2.0/dataconnect`
 {"metadata":{"emulator":{"name":"dataconnect"},"message":"E1025 21:34:01.178316   24260 watch.go:31] Failed to load config from \"/home/user/ByggPilot2.0/dataconnect\": could not find dataconnect.yaml in `/home/user/ByggPilot2.0/dataconnect`\n"}}
[debug] [2025-10-25T21:34:11.178Z] E1025 21:34:11.178259   24260 watch.go:31] Failed to load config from "/home/user/ByggPilot2.0/dataconnect": could not find dataconnect.yaml in `/home/user/ByggPilot2.0/dataconnect`
 {"metadata":{"emulator":{"name":"dataconnect"},"message":"E1025 21:34:11.178259   24260 watch.go:31] Failed to load config from \"/home/user/ByggPilot2.0/dataconnect\": could not find dataconnect.yaml in `/home/user/ByggPilot2.0/dataconnect`\n"}}
[debug] [2025-10-25T21:34:21.178Z] E1025 21:34:21.177748   24260 watch.go:31] Failed to load config from "/home/user/ByggPilot2.0/dataconnect": could not find dataconnect.yaml in `/home/user/ByggPilot2.0/dataconnect`
 {"metadata":{"emulator":{"name":"dataconnect"},"message":"E1025 21:34:21.177748   24260 watch.go:31] Failed to load config from \"/home/user/ByggPilot2.0/dataconnect\": could not find dataconnect.yaml in `/home/user/ByggPilot2.0/dataconnect`\n"}}
[debug] [2025-10-25T21:34:31.178Z] E1025 21:34:31.178501   24260 watch.go:31] Failed to load config from "/home/user/ByggPilot2.0/dataconnect": could not find dataconnect.yaml in `/home/user/ByggPilot2.0/dataconnect`
 {"metadata":{"emulator":{"name":"dataconnect"},"message":"E1025 21:34:31.178501   24260 watch.go:31] Failed to load config from \"/home/user/ByggPilot2.0/dataconnect\": could not find dataconnect.yaml in `/home/user/ByggPilot2.0/dataconnect`\n"}}
[debug] [2025-10-25T21:34:41.186Z] E1025 21:34:41.186354   24260 watch.go:31] Failed to load config from "/home/user/ByggPilot2.0/dataconnect": could not find dataconnect.yaml in `/home/user/ByggPilot2.0/dataconnect`
 {"metadata":{"emulator":{"name":"dataconnect"},"message":"E1025 21:34:41.186354   24260 watch.go:31] Failed to load config from \"/home/user/ByggPilot2.0/dataconnect\": could not find dataconnect.yaml in `/home/user/ByggPilot2.0/dataconnect`\n"}}
[debug] [2025-10-25T21:34:51.183Z] E1025 21:34:51.182706   24260 watch.go:31] Failed to load config from "/home/user/ByggPilot2.0/dataconnect": could not find dataconnect.yaml in `/home/user/ByggPilot2.0/dataconnect`
 {"metadata":{"emulator":{"name":"dataconnect"},"message":"E1025 21:34:51.182706   24260 watch.go:31] Failed to load config from \"/home/user/ByggPilot2.0/dataconnect\": could not find dataconnect.yaml in `/home/user/ByggPilot2.0/dataconnect`\n"}}
[debug] [2025-10-25T21:35:01.178Z] E1025 21:35:01.178188   24260 watch.go:31] Failed to load config from "/home/user/ByggPilot2.0/dataconnect": could not find dataconnect.yaml in `/home/user/ByggPilot2.0/dataconnect`
 {"metadata":{"emulator":{"name":"dataconnect"},"message":"E1025 21:35:01.178188   24260 watch.go:31] Failed to load config from \"/home/user/ByggPilot2.0/dataconnect\": could not find dataconnect.yaml in `/home/user/ByggPilot2.0/dataconnect`\n"}}
[debug] [2025-10-25T21:35:11.182Z] E1025 21:35:11.182157   24260 watch.go:31] Failed to load config from "/home/user/ByggPilot2.0/dataconnect": could not find dataconnect.yaml in `/home/user/ByggPilot2.0/dataconnect`
 {"metadata":{"emulator":{"name":"dataconnect"},"message":"E1025 21:35:11.182157   24260 watch.go:31] Failed to load config from \"/home/user/ByggPilot2.0/dataconnect\": could not find dataconnect.yaml in `/home/user/ByggPilot2.0/dataconnect`\n"}}
[debug] [2025-10-25T21:35:21.187Z] E1025 21:35:21.187229   24260 watch.go:31] Failed to load config from "/home/user/ByggPilot2.0/dataconnect": could not find dataconnect.yaml in `/home/user/ByggPilot2.0/dataconnect`
 {"metadata":{"emulator":{"name":"dataconnect"},"message":"E1025 21:35:21.187229   24260 watch.go:31] Failed to load config from \"/home/user/ByggPilot2.0/dataconnect\": could not find dataconnect.yaml in `/home/user/ByggPilot2.0/dataconnect`\n"}}
[debug] [2025-10-25T21:35:31.177Z] E1025 21:35:31.177534   24260 watch.go:31] Failed to load config from "/home/user/ByggPilot2.0/dataconnect": could not find dataconnect.yaml in `/home/user/ByggPilot2.0/dataconnect`
E1025 21:35:31.177591   24260 watch.go:102] watchAllDir unable to walk dir `/home/user/ByggPilot2.0/dataconnect`: lstat /home/user/ByggPilot2.0/dataconnect: no such file or directory
 {"metadata":{"emulator":{"name":"dataconnect"},"message":"E1025 21:35:31.177534   24260 watch.go:31] Failed to load config from \"/home/user/ByggPilot2.0/dataconnect\": could not find dataconnect.yaml in `/home/user/ByggPilot2.0/dataconnect`\nE1025 21:35:31.177591   24260 watch.go:102] watchAllDir unable to walk dir `/home/user/ByggPilot2.0/dataconnect`: lstat /home/user/ByggPilot2.0/dataconnect: no such file or directory\n"}}
[debug] [2025-10-25T21:35:41.186Z] E1025 21:35:41.186229   24260 watch.go:31] Failed to load config from "/home/user/ByggPilot2.0/dataconnect": could not find dataconnect.yaml in `/home/user/ByggPilot2.0/dataconnect`
 {"metadata":{"emulator":{"name":"dataconnect"},"message":"E1025 21:35:41.186229   24260 watch.go:31] Failed to load config from \"/home/user/ByggPilot2.0/dataconnect\": could not find dataconnect.yaml in `/home/user/ByggPilot2.0/dataconnect`\n"}}
[debug] [2025-10-25T21:35:51.182Z] E1025 21:35:51.182318   24260 watch.go:31] Failed to load config from "/home/user/ByggPilot2.0/dataconnect": could not find dataconnect.yaml in `/home/user/ByggPilot2.0/dataconnect`
 {"metadata":{"emulator":{"name":"dataconnect"},"message":"E1025 21:35:51.182318   24260 watch.go:31] Failed to load config from \"/home/user/ByggPilot2.0/dataconnect\": could not find dataconnect.yaml in `/home/user/ByggPilot2.0/dataconnect`\n"}}
[debug] [2025-10-25T21:36:01.177Z] E1025 21:36:01.177636   24260 watch.go:31] Failed to load config from "/home/user/ByggPilot2.0/dataconnect": could not find dataconnect.yaml in `/home/user/ByggPilot2.0/dataconnect`
 {"metadata":{"emulator":{"name":"dataconnect"},"message":"E1025 21:36:01.177636   24260 watch.go:31] Failed to load config from \"/home/user/ByggPilot2.0/dataconnect\": could not find dataconnect.yaml in `/home/user/ByggPilot2.0/dataconnect`\n"}}
[debug] [2025-10-25T21:36:11.187Z] E1025 21:36:11.187421   24260 watch.go:31] Failed to load config from "/home/user/ByggPilot2.0/dataconnect": could not find dataconnect.yaml in `/home/user/ByggPilot2.0/dataconnect`
 {"metadata":{"emulator":{"name":"dataconnect"},"message":"E1025 21:36:11.187421   24260 watch.go:31] Failed to load config from \"/home/user/ByggPilot2.0/dataconnect\": could not find dataconnect.yaml in `/home/user/ByggPilot2.0/dataconnect`\n"}}
[debug] [2025-10-25T21:36:21.178Z] E1025 21:36:21.178276   24260 watch.go:31] Failed to load config from "/home/user/ByggPilot2.0/dataconnect": could not find dataconnect.yaml in `/home/user/ByggPilot2.0/dataconnect`
 {"metadata":{"emulator":{"name":"dataconnect"},"message":"E1025 21:36:21.178276   24260 watch.go:31] Failed to load config from \"/home/user/ByggPilot2.0/dataconnect\": could not find dataconnect.yaml in `/home/user/ByggPilot2.0/dataconnect`\n"}}
[debug] [2025-10-25T21:36:32.512Z] E1025 21:36:31.177529   24260 watch.go:31] Failed to load config from "/home/user/ByggPilot2.0/dataconnect": could not find dataconnect.yaml in `/home/user/ByggPilot2.0/dataconnect`
 {"metadata":{"emulator":{"name":"dataconnect"},"message":"E1025 21:36:31.177529   24260 watch.go:31] Failed to load config from \"/home/user/ByggPilot2.0/dataconnect\": could not find dataconnect.yaml in `/home/user/ByggPilot2.0/dataconnect`\n"}}
[debug] [2025-10-25T21:36:41.187Z] E1025 21:36:41.186845   24260 watch.go:31] Failed to load config from "/home/user/ByggPilot2.0/dataconnect": could not find dataconnect.yaml in `/home/user/ByggPilot2.0/dataconnect`
 {"metadata":{"emulator":{"name":"dataconnect"},"message":"E1025 21:36:41.186845   24260 watch.go:31] Failed to load config from \"/home/user/ByggPilot2.0/dataconnect\": could not find dataconnect.yaml in `/home/user/ByggPilot2.0/dataconnect`\n"}}
[debug] [2025-10-25T21:37:05.158Z] E1025 21:36:51.182840   24260 watch.go:31] Failed to load config from "/home/user/ByggPilot2.0/dataconnect": could not find dataconnect.yaml in `/home/user/ByggPilot2.0/dataconnect`
E1025 21:37:01.177671   24260 watch.go:31] Failed to load config from "/home/user/ByggPilot2.0/dataconnect": could not find dataconnect.yaml in `/home/user/ByggPilot2.0/dataconnect`
 {"metadata":{"emulator":{"name":"dataconnect"},"message":"E1025 21:36:51.182840   24260 watch.go:31] Failed to load config from \"/home/user/ByggPilot2.0/dataconnect\": could not find dataconnect.yaml in `/home/user/ByggPilot2.0/dataconnect`\nE1025 21:37:01.177671   24260 watch.go:31] Failed to load config from \"/home/user/ByggPilot2.0/dataconnect\": could not find dataconnect.yaml in `/home/user/ByggPilot2.0/dataconnect`\n"}}
[debug] [2025-10-25T21:37:11.186Z] E1025 21:37:11.186217   24260 watch.go:31] Failed to load config from "/home/user/ByggPilot2.0/dataconnect": could not find dataconnect.yaml in `/home/user/ByggPilot2.0/dataconnect`
 {"metadata":{"emulator":{"name":"dataconnect"},"message":"E1025 21:37:11.186217   24260 watch.go:31] Failed to load config from \"/home/user/ByggPilot2.0/dataconnect\": could not find dataconnect.yaml in `/home/user/ByggPilot2.0/dataconnect`\n"}}
[debug] [2025-10-25T21:37:21.187Z] E1025 21:37:21.187250   24260 watch.go:31] Failed to load config from "/home/user/ByggPilot2.0/dataconnect": could not find dataconnect.yaml in `/home/user/ByggPilot2.0/dataconnect`
 {"metadata":{"emulator":{"name":"dataconnect"},"message":"E1025 21:37:21.187250   24260 watch.go:31] Failed to load config from \"/home/user/ByggPilot2.0/dataconnect\": could not find dataconnect.yaml in `/home/user/ByggPilot2.0/dataconnect`\n"}}
[debug] [2025-10-25T21:37:31.178Z] E1025 21:37:31.178522   24260 watch.go:31] Failed to load config from "/home/user/ByggPilot2.0/dataconnect": could not find dataconnect.yaml in `/home/user/ByggPilot2.0/dataconnect`
E1025 21:37:31.178572   24260 watch.go:102] watchAllDir unable to walk dir `/home/user/ByggPilot2.0/dataconnect`: lstat /home/user/ByggPilot2.0/dataconnect: no such file or directory
 {"metadata":{"emulator":{"name":"dataconnect"},"message":"E1025 21:37:31.178522   24260 watch.go:31] Failed to load config from \"/home/user/ByggPilot2.0/dataconnect\": could not find dataconnect.yaml in `/home/user/ByggPilot2.0/dataconnect`\nE1025 21:37:31.178572   24260 watch.go:102] watchAllDir unable to walk dir `/home/user/ByggPilot2.0/dataconnect`: lstat /home/user/ByggPilot2.0/dataconnect: no such file or directory\n"}}
[debug] [2025-10-25T21:37:41.183Z] E1025 21:37:41.182886   24260 watch.go:31] Failed to load config from "/home/user/ByggPilot2.0/dataconnect": could not find dataconnect.yaml in `/home/user/ByggPilot2.0/dataconnect`
 {"metadata":{"emulator":{"name":"dataconnect"},"message":"E1025 21:37:41.182886   24260 watch.go:31] Failed to load config from \"/home/user/ByggPilot2.0/dataconnect\": could not find dataconnect.yaml in `/home/user/ByggPilot2.0/dataconnect`\n"}}
[debug] [2025-10-25T21:37:51.187Z] E1025 21:37:51.187052   24260 watch.go:31] Failed to load config from "/home/user/ByggPilot2.0/dataconnect": could not find dataconnect.yaml in `/home/user/ByggPilot2.0/dataconnect`
 {"metadata":{"emulator":{"name":"dataconnect"},"message":"E1025 21:37:51.187052   24260 watch.go:31] Failed to load config from \"/home/user/ByggPilot2.0/dataconnect\": could not find dataconnect.yaml in `/home/user/ByggPilot2.0/dataconnect`\n"}}
[debug] [2025-10-25T21:38:01.178Z] E1025 21:38:01.178431   24260 watch.go:31] Failed to load config from "/home/user/ByggPilot2.0/dataconnect": could not find dataconnect.yaml in `/home/user/ByggPilot2.0/dataconnect`
 {"metadata":{"emulator":{"name":"dataconnect"},"message":"E1025 21:38:01.178431   24260 watch.go:31] Failed to load config from \"/home/user/ByggPilot2.0/dataconnect\": could not find dataconnect.yaml in `/home/user/ByggPilot2.0/dataconnect`\n"}}
[debug] [2025-10-25T21:38:11.187Z] E1025 21:38:11.186846   24260 watch.go:31] Failed to load config from "/home/user/ByggPilot2.0/dataconnect": could not find dataconnect.yaml in `/home/user/ByggPilot2.0/dataconnect`
 {"metadata":{"emulator":{"name":"dataconnect"},"message":"E1025 21:38:11.186846   24260 watch.go:31] Failed to load config from \"/home/user/ByggPilot2.0/dataconnect\": could not find dataconnect.yaml in `/home/user/ByggPilot2.0/dataconnect`\n"}}
[debug] [2025-10-25T21:38:21.182Z] E1025 21:38:21.181982   24260 watch.go:31] Failed to load config from "/home/user/ByggPilot2.0/dataconnect": could not find dataconnect.yaml in `/home/user/ByggPilot2.0/dataconnect`
 {"metadata":{"emulator":{"name":"dataconnect"},"message":"E1025 21:38:21.181982   24260 watch.go:31] Failed to load config from \"/home/user/ByggPilot2.0/dataconnect\": could not find dataconnect.yaml in `/home/user/ByggPilot2.0/dataconnect`\n"}}
[debug] [2025-10-25T21:38:31.177Z] E1025 21:38:31.177692   24260 watch.go:31] Failed to load config from "/home/user/ByggPilot2.0/dataconnect": could not find dataconnect.yaml in `/home/user/ByggPilot2.0/dataconnect`
 {"metadata":{"emulator":{"name":"dataconnect"},"message":"E1025 21:38:31.177692   24260 watch.go:31] Failed to load config from \"/home/user/ByggPilot2.0/dataconnect\": could not find dataconnect.yaml in `/home/user/ByggPilot2.0/dataconnect`\n"}}
[debug] [2025-10-25T21:38:41.187Z] E1025 21:38:41.186706   24260 watch.go:31] Failed to load config from "/home/user/ByggPilot2.0/dataconnect": could not find dataconnect.yaml in `/home/user/ByggPilot2.0/dataconnect`
 {"metadata":{"emulator":{"name":"dataconnect"},"message":"E1025 21:38:41.186706   24260 watch.go:31] Failed to load config from \"/home/user/ByggPilot2.0/dataconnect\": could not find dataconnect.yaml in `/home/user/ByggPilot2.0/dataconnect`\n"}}
[debug] [2025-10-25T21:38:51.186Z] E1025 21:38:51.186351   24260 watch.go:31] Failed to load config from "/home/user/ByggPilot2.0/dataconnect": could not find dataconnect.yaml in `/home/user/ByggPilot2.0/dataconnect`
 {"metadata":{"emulator":{"name":"dataconnect"},"message":"E1025 21:38:51.186351   24260 watch.go:31] Failed to load config from \"/home/user/ByggPilot2.0/dataconnect\": could not find dataconnect.yaml in `/home/user/ByggPilot2.0/dataconnect`\n"}}
[debug] [2025-10-25T21:39:01.178Z] E1025 21:39:01.177611   24260 watch.go:31] Failed to load config from "/home/user/ByggPilot2.0/dataconnect": could not find dataconnect.yaml in `/home/user/ByggPilot2.0/dataconnect`
 {"metadata":{"emulator":{"name":"dataconnect"},"message":"E1025 21:39:01.177611   24260 watch.go:31] Failed to load config from \"/home/user/ByggPilot2.0/dataconnect\": could not find dataconnect.yaml in `/home/user/ByggPilot2.0/dataconnect`\n"}}
[debug] [2025-10-25T21:39:26.000Z] E1025 21:39:11.186269   24260 watch.go:31] Failed to load config from "/home/user/ByggPilot2.0/dataconnect": could not find dataconnect.yaml in `/home/user/ByggPilot2.0/dataconnect`
E1025 21:39:21.185809   24260 watch.go:31] Failed to load config from "/home/user/ByggPilot2.0/dataconnect": could not find dataconnect.yaml in `/home/user/ByggPilot2.0/dataconnect`
 {"metadata":{"emulator":{"name":"dataconnect"},"message":"E1025 21:39:11.186269   24260 watch.go:31] Failed to load config from \"/home/user/ByggPilot2.0/dataconnect\": could not find dataconnect.yaml in `/home/user/ByggPilot2.0/dataconnect`\nE1025 21:39:21.185809   24260 watch.go:31] Failed to load config from \"/home/user/ByggPilot2.0/dataconnect\": could not find dataconnect.yaml in `/home/user/ByggPilot2.0/dataconnect`\n"}}
[debug] [2025-10-25T21:39:31.178Z] E1025 21:39:31.178568   24260 watch.go:31] Failed to load config from "/home/user/ByggPilot2.0/dataconnect": could not find dataconnect.yaml in `/home/user/ByggPilot2.0/dataconnect`
E1025 21:39:31.178620   24260 watch.go:102] watchAllDir unable to walk dir `/home/user/ByggPilot2.0/dataconnect`: lstat /home/user/ByggPilot2.0/dataconnect: no such file or directory
 {"metadata":{"emulator":{"name":"dataconnect"},"message":"E1025 21:39:31.178568   24260 watch.go:31] Failed to load config from \"/home/user/ByggPilot2.0/dataconnect\": could not find dataconnect.yaml in `/home/user/ByggPilot2.0/dataconnect`\nE1025 21:39:31.178620   24260 watch.go:102] watchAllDir unable to walk dir `/home/user/ByggPilot2.0/dataconnect`: lstat /home/user/ByggPilot2.0/dataconnect: no such file or directory\n"}}
[debug] [2025-10-25T21:39:41.183Z] E1025 21:39:41.182853   24260 watch.go:31] Failed to load config from "/home/user/ByggPilot2.0/dataconnect": could not find dataconnect.yaml in `/home/user/ByggPilot2.0/dataconnect`
 {"metadata":{"emulator":{"name":"dataconnect"},"message":"E1025 21:39:41.182853   24260 watch.go:31] Failed to load config from \"/home/user/ByggPilot2.0/dataconnect\": could not find dataconnect.yaml in `/home/user/ByggPilot2.0/dataconnect`\n"}}
[debug] [2025-10-25T21:39:51.182Z] E1025 21:39:51.182391   24260 watch.go:31] Failed to load config from "/home/user/ByggPilot2.0/dataconnect": could not find dataconnect.yaml in `/home/user/ByggPilot2.0/dataconnect`
 {"metadata":{"emulator":{"name":"dataconnect"},"message":"E1025 21:39:51.182391   24260 watch.go:31] Failed to load config from \"/home/user/ByggPilot2.0/dataconnect\": could not find dataconnect.yaml in `/home/user/ByggPilot2.0/dataconnect`\n"}}
[debug] [2025-10-25T21:40:01.178Z] E1025 21:40:01.177911   24260 watch.go:31] Failed to load config from "/home/user/ByggPilot2.0/dataconnect": could not find dataconnect.yaml in `/home/user/ByggPilot2.0/dataconnect`
 {"metadata":{"emulator":{"name":"dataconnect"},"message":"E1025 21:40:01.177911   24260 watch.go:31] Failed to load config from \"/home/user/ByggPilot2.0/dataconnect\": could not find dataconnect.yaml in `/home/user/ByggPilot2.0/dataconnect`\n"}}
[debug] [2025-10-25T21:40:11.182Z] E1025 21:40:11.181945   24260 watch.go:31] Failed to load config from "/home/user/ByggPilot2.0/dataconnect": could not find dataconnect.yaml in `/home/user/ByggPilot2.0/dataconnect`
 {"metadata":{"emulator":{"name":"dataconnect"},"message":"E1025 21:40:11.181945   24260 watch.go:31] Failed to load config from \"/home/user/ByggPilot2.0/dataconnect\": could not find dataconnect.yaml in `/home/user/ByggPilot2.0/dataconnect`\n"}}
[debug] [2025-10-25T21:40:21.185Z] E1025 21:40:21.185019   24260 watch.go:31] Failed to load config from "/home/user/ByggPilot2.0/dataconnect": could not find dataconnect.yaml in `/home/user/ByggPilot2.0/dataconnect`
 {"metadata":{"emulator":{"name":"dataconnect"},"message":"E1025 21:40:21.185019   24260 watch.go:31] Failed to load config from \"/home/user/ByggPilot2.0/dataconnect\": could not find dataconnect.yaml in `/home/user/ByggPilot2.0/dataconnect`\n"}}
[debug] [2025-10-25T21:40:31.178Z] E1025 21:40:31.178066   24260 watch.go:31] Failed to load config from "/home/user/ByggPilot2.0/dataconnect": could not find dataconnect.yaml in `/home/user/ByggPilot2.0/dataconnect`
 {"metadata":{"emulator":{"name":"dataconnect"},"message":"E1025 21:40:31.178066   24260 watch.go:31] Failed to load config from \"/home/user/ByggPilot2.0/dataconnect\": could not find dataconnect.yaml in `/home/user/ByggPilot2.0/dataconnect`\n"}}
[debug] [2025-10-25T21:40:41.178Z] E1025 21:40:41.177727   24260 watch.go:31] Failed to load config from "/home/user/ByggPilot2.0/dataconnect": could not find dataconnect.yaml in `/home/user/ByggPilot2.0/dataconnect`
 {"metadata":{"emulator":{"name":"dataconnect"},"message":"E1025 21:40:41.177727   24260 watch.go:31] Failed to load config from \"/home/user/ByggPilot2.0/dataconnect\": could not find dataconnect.yaml in `/home/user/ByggPilot2.0/dataconnect`\n"}}
[debug] [2025-10-25T21:40:57.155Z] E1025 21:40:51.187222   24260 watch.go:31] Failed to load config from "/home/user/ByggPilot2.0/dataconnect": could not find dataconnect.yaml in `/home/user/ByggPilot2.0/dataconnect`
 {"metadata":{"emulator":{"name":"dataconnect"},"message":"E1025 21:40:51.187222   24260 watch.go:31] Failed to load config from \"/home/user/ByggPilot2.0/dataconnect\": could not find dataconnect.yaml in `/home/user/ByggPilot2.0/dataconnect`\n"}}
[debug] [2025-10-25T21:41:01.178Z] E1025 21:41:01.177812   24260 watch.go:31] Failed to load config from "/home/user/ByggPilot2.0/dataconnect": could not find dataconnect.yaml in `/home/user/ByggPilot2.0/dataconnect`
 {"metadata":{"emulator":{"name":"dataconnect"},"message":"E1025 21:41:01.177812   24260 watch.go:31] Failed to load config from \"/home/user/ByggPilot2.0/dataconnect\": could not find dataconnect.yaml in `/home/user/ByggPilot2.0/dataconnect`\n"}}
[debug] [2025-10-25T21:41:11.187Z] E1025 21:41:11.186955   24260 watch.go:31] Failed to load config from "/home/user/ByggPilot2.0/dataconnect": could not find dataconnect.yaml in `/home/user/ByggPilot2.0/dataconnect`
 {"metadata":{"emulator":{"name":"dataconnect"},"message":"E1025 21:41:11.186955   24260 watch.go:31] Failed to load config from \"/home/user/ByggPilot2.0/dataconnect\": could not find dataconnect.yaml in `/home/user/ByggPilot2.0/dataconnect`\n"}}
[debug] [2025-10-25T21:41:21.186Z] E1025 21:41:21.186290   24260 watch.go:31] Failed to load config from "/home/user/ByggPilot2.0/dataconnect": could not find dataconnect.yaml in `/home/user/ByggPilot2.0/dataconnect`
 {"metadata":{"emulator":{"name":"dataconnect"},"message":"E1025 21:41:21.186290   24260 watch.go:31] Failed to load config from \"/home/user/ByggPilot2.0/dataconnect\": could not find dataconnect.yaml in `/home/user/ByggPilot2.0/dataconnect`\n"}}
[debug] [2025-10-25T21:41:51.343Z] E1025 21:41:31.178449   24260 watch.go:31] Failed to load config from "/home/user/ByggPilot2.0/dataconnect": could not find dataconnect.yaml in `/home/user/ByggPilot2.0/dataconnect`
E1025 21:41:31.178506   24260 watch.go:102] watchAllDir unable to walk dir `/home/user/ByggPilot2.0/dataconnect`: lstat /home/user/ByggPilot2.0/dataconnect: no such file or directory
E1025 21:41:41.195583   24260 watch.go:31] Failed to load config from "/home/user/ByggPilot2.0/dataconnect": could not find dataconnect.yaml in `/home/user/ByggPilot2.0/dataconnect`
E1025 21:41:51.186306   24260 watch.go:31] Failed to load config from "/home/user/ByggPilot2.0/dataconnect": could not find dataconnect.yaml in `/home/user/ByggPilot2.0/dataconnect`
 {"metadata":{"emulator":{"name":"dataconnect"},"message":"E1025 21:41:31.178449   24260 watch.go:31] Failed to load config from \"/home/user/ByggPilot2.0/dataconnect\": could not find dataconnect.yaml in `/home/user/ByggPilot2.0/dataconnect`\nE1025 21:41:31.178506   24260 watch.go:102] watchAllDir unable to walk dir `/home/user/ByggPilot2.0/dataconnect`: lstat /home/user/ByggPilot2.0/dataconnect: no such file or directory\nE1025 21:41:41.195583   24260 watch.go:31] Failed to load config from \"/home/user/ByggPilot2.0/dataconnect\": could not find dataconnect.yaml in `/home/user/ByggPilot2.0/dataconnect`\nE1025 21:41:51.186306   24260 watch.go:31] Failed to load config from \"/home/user/ByggPilot2.0/dataconnect\": could not find dataconnect.yaml in `/home/user/ByggPilot2.0/dataconnect`\n"}}
[debug] [2025-10-25T21:42:01.177Z] E1025 21:42:01.177630   24260 watch.go:31] Failed to load config from "/home/user/ByggPilot2.0/dataconnect": could not find dataconnect.yaml in `/home/user/ByggPilot2.0/dataconnect`
 {"metadata":{"emulator":{"name":"dataconnect"},"message":"E1025 21:42:01.177630   24260 watch.go:31] Failed to load config from \"/home/user/ByggPilot2.0/dataconnect\": could not find dataconnect.yaml in `/home/user/ByggPilot2.0/dataconnect`\n"}}
[debug] [2025-10-25T21:42:15.384Z] E1025 21:42:11.186745   24260 watch.go:31] Failed to load config from "/home/user/ByggPilot2.0/dataconnect": could not find dataconnect.yaml in `/home/user/ByggPilot2.0/dataconnect`
 {"metadata":{"emulator":{"name":"dataconnect"},"message":"E1025 21:42:11.186745   24260 watch.go:31] Failed to load config from \"/home/user/ByggPilot2.0/dataconnect\": could not find dataconnect.yaml in `/home/user/ByggPilot2.0/dataconnect`\n"}}
[debug] [2025-10-25T21:42:39.077Z] E1025 21:42:21.186270   24260 watch.go:31] Failed to load config from "/home/user/ByggPilot2.0/dataconnect": could not find dataconnect.yaml in `/home/user/ByggPilot2.0/dataconnect`
E1025 21:42:31.178368   24260 watch.go:31] Failed to load config from "/home/user/ByggPilot2.0/dataconnect": could not find dataconnect.yaml in `/home/user/ByggPilot2.0/dataconnect`
 {"metadata":{"emulator":{"name":"dataconnect"},"message":"E1025 21:42:21.186270   24260 watch.go:31] Failed to load config from \"/home/user/ByggPilot2.0/dataconnect\": could not find dataconnect.yaml in `/home/user/ByggPilot2.0/dataconnect`\nE1025 21:42:31.178368   24260 watch.go:31] Failed to load config from \"/home/user/ByggPilot2.0/dataconnect\": could not find dataconnect.yaml in `/home/user/ByggPilot2.0/dataconnect`\n"}}
[debug] [2025-10-25T21:42:41.178Z] E1025 21:42:41.178041   24260 watch.go:31] Failed to load config from "/home/user/ByggPilot2.0/dataconnect": could not find dataconnect.yaml in `/home/user/ByggPilot2.0/dataconnect`
 {"metadata":{"emulator":{"name":"dataconnect"},"message":"E1025 21:42:41.178041   24260 watch.go:31] Failed to load config from \"/home/user/ByggPilot2.0/dataconnect\": could not find dataconnect.yaml in `/home/user/ByggPilot2.0/dataconnect`\n"}}
[debug] [2025-10-25T21:43:06.342Z] E1025 21:42:51.177628   24260 watch.go:31] Failed to load config from "/home/user/ByggPilot2.0/dataconnect": could not find dataconnect.yaml in `/home/user/ByggPilot2.0/dataconnect`
E1025 21:43:01.178539   24260 watch.go:31] Failed to load config from "/home/user/ByggPilot2.0/dataconnect": could not find dataconnect.yaml in `/home/user/ByggPilot2.0/dataconnect`
 {"metadata":{"emulator":{"name":"dataconnect"},"message":"E1025 21:42:51.177628   24260 watch.go:31] Failed to load config from \"/home/user/ByggPilot2.0/dataconnect\": could not find dataconnect.yaml in `/home/user/ByggPilot2.0/dataconnect`\nE1025 21:43:01.178539   24260 watch.go:31] Failed to load config from \"/home/user/ByggPilot2.0/dataconnect\": could not find dataconnect.yaml in `/home/user/ByggPilot2.0/dataconnect`\n"}}
[debug] [2025-10-25T21:43:11.183Z] E1025 21:43:11.182909   24260 watch.go:31] Failed to load config from "/home/user/ByggPilot2.0/dataconnect": could not find dataconnect.yaml in `/home/user/ByggPilot2.0/dataconnect`
 {"metadata":{"emulator":{"name":"dataconnect"},"message":"E1025 21:43:11.182909   24260 watch.go:31] Failed to load config from \"/home/user/ByggPilot2.0/dataconnect\": could not find dataconnect.yaml in `/home/user/ByggPilot2.0/dataconnect`\n"}}
[debug] [2025-10-25T21:43:29.554Z] E1025 21:43:21.186255   24260 watch.go:31] Failed to load config from "/home/user/ByggPilot2.0/dataconnect": could not find dataconnect.yaml in `/home/user/ByggPilot2.0/dataconnect`
 {"metadata":{"emulator":{"name":"dataconnect"},"message":"E1025 21:43:21.186255   24260 watch.go:31] Failed to load config from \"/home/user/ByggPilot2.0/dataconnect\": could not find dataconnect.yaml in `/home/user/ByggPilot2.0/dataconnect`\n"}}
[debug] [2025-10-25T21:43:53.317Z] E1025 21:43:31.178619   24260 watch.go:31] Failed to load config from "/home/user/ByggPilot2.0/dataconnect": could not find dataconnect.yaml in `/home/user/ByggPilot2.0/dataconnect`
E1025 21:43:31.178686   24260 watch.go:102] watchAllDir unable to walk dir `/home/user/ByggPilot2.0/dataconnect`: lstat /home/user/ByggPilot2.0/dataconnect: no such file or directory
E1025 21:43:41.186282   24260 watch.go:31] Failed to load config from "/home/user/ByggPilot2.0/dataconnect": could not find dataconnect.yaml in `/home/user/ByggPilot2.0/dataconnect`
E1025 21:43:51.188218   24260 watch.go:31] Failed to load config from "/home/user/ByggPilot2.0/dataconnect": could not find dataconnect.yaml in `/home/user/ByggPilot2.0/dataconnect`
 {"metadata":{"emulator":{"name":"dataconnect"},"message":"E1025 21:43:31.178619   24260 watch.go:31] Failed to load config from \"/home/user/ByggPilot2.0/dataconnect\": could not find dataconnect.yaml in `/home/user/ByggPilot2.0/dataconnect`\nE1025 21:43:31.178686   24260 watch.go:102] watchAllDir unable to walk dir `/home/user/ByggPilot2.0/dataconnect`: lstat /home/user/ByggPilot2.0/dataconnect: no such file or directory\nE1025 21:43:41.186282   24260 watch.go:31] Failed to load config from \"/home/user/ByggPilot2.0/dataconnect\": could not find dataconnect.yaml in `/home/user/ByggPilot2.0/dataconnect`\nE1025 21:43:51.188218   24260 watch.go:31] Failed to load config from \"/home/user/ByggPilot2.0/dataconnect\": could not find dataconnect.yaml in `/home/user/ByggPilot2.0/dataconnect`\n"}}
[debug] [2025-10-25T21:44:21.221Z] E1025 21:44:01.177556   24260 watch.go:31] Failed to load config from "/home/user/ByggPilot2.0/dataconnect": could not find dataconnect.yaml in `/home/user/ByggPilot2.0/dataconnect`
E1025 21:44:11.186253   24260 watch.go:31] Failed to load config from "/home/user/ByggPilot2.0/dataconnect": could not find dataconnect.yaml in `/home/user/ByggPilot2.0/dataconnect`
E1025 21:44:21.187294   24260 watch.go:31] Failed to load config from "/home/user/ByggPilot2.0/dataconnect": could not find dataconnect.yaml in `/home/user/ByggPilot2.0/dataconnect`
 {"metadata":{"emulator":{"name":"dataconnect"},"message":"E1025 21:44:01.177556   24260 watch.go:31] Failed to load config from \"/home/user/ByggPilot2.0/dataconnect\": could not find dataconnect.yaml in `/home/user/ByggPilot2.0/dataconnect`\nE1025 21:44:11.186253   24260 watch.go:31] Failed to load config from \"/home/user/ByggPilot2.0/dataconnect\": could not find dataconnect.yaml in `/home/user/ByggPilot2.0/dataconnect`\nE1025 21:44:21.187294   24260 watch.go:31] Failed to load config from \"/home/user/ByggPilot2.0/dataconnect\": could not find dataconnect.yaml in `/home/user/ByggPilot2.0/dataconnect`\n"}}
[debug] [2025-10-25T21:44:43.356Z] E1025 21:44:31.177535   24260 watch.go:31] Failed to load config from "/home/user/ByggPilot2.0/dataconnect": could not find dataconnect.yaml in `/home/user/ByggPilot2.0/dataconnect`
E1025 21:44:41.186293   24260 watch.go:31] Failed to load config from "/home/user/ByggPilot2.0/dataconnect": could not find dataconnect.yaml in `/home/user/ByggPilot2.0/dataconnect`
 {"metadata":{"emulator":{"name":"dataconnect"},"message":"E1025 21:44:31.177535   24260 watch.go:31] Failed to load config from \"/home/user/ByggPilot2.0/dataconnect\": could not find dataconnect.yaml in `/home/user/ByggPilot2.0/dataconnect`\nE1025 21:44:41.186293   24260 watch.go:31] Failed to load config from \"/home/user/ByggPilot2.0/dataconnect\": could not find dataconnect.yaml in `/home/user/ByggPilot2.0/dataconnect`\n"}}
[debug] [2025-10-25T21:45:08.170Z] E1025 21:44:51.178260   24260 watch.go:31] Failed to load config from "/home/user/ByggPilot2.0/dataconnect": could not find dataconnect.yaml in `/home/user/ByggPilot2.0/dataconnect`
E1025 21:45:01.182671   24260 watch.go:31] Failed to load config from "/home/user/ByggPilot2.0/dataconnect": could not find dataconnect.yaml in `/home/user/ByggPilot2.0/dataconnect`
 {"metadata":{"emulator":{"name":"dataconnect"},"message":"E1025 21:44:51.178260   24260 watch.go:31] Failed to load config from \"/home/user/ByggPilot2.0/dataconnect\": could not find dataconnect.yaml in `/home/user/ByggPilot2.0/dataconnect`\nE1025 21:45:01.182671   24260 watch.go:31] Failed to load config from \"/home/user/ByggPilot2.0/dataconnect\": could not find dataconnect.yaml in `/home/user/ByggPilot2.0/dataconnect`\n"}}
[debug] [2025-10-25T21:45:11.183Z] E1025 21:45:11.182857   24260 watch.go:31] Failed to load config from "/home/user/ByggPilot2.0/dataconnect": could not find dataconnect.yaml in `/home/user/ByggPilot2.0/dataconnect`
 {"metadata":{"emulator":{"name":"dataconnect"},"message":"E1025 21:45:11.182857   24260 watch.go:31] Failed to load config from \"/home/user/ByggPilot2.0/dataconnect\": could not find dataconnect.yaml in `/home/user/ByggPilot2.0/dataconnect`\n"}}
[debug] [2025-10-25T21:45:42.026Z] E1025 21:45:21.182299   24260 watch.go:31] Failed to load config from "/home/user/ByggPilot2.0/dataconnect": could not find dataconnect.yaml in `/home/user/ByggPilot2.0/dataconnect`
E1025 21:45:31.180213   24260 watch.go:31] Failed to load config from "/home/user/ByggPilot2.0/dataconnect": could not find dataconnect.yaml in `/home/user/ByggPilot2.0/dataconnect`
E1025 21:45:31.180266   24260 watch.go:102] watchAllDir unable to walk dir `/home/user/ByggPilot2.0/dataconnect`: lstat /home/user/ByggPilot2.0/dataconnect: no such file or directory
E1025 21:45:41.187511   24260 watch.go:31] Failed to load config from "/home/user/ByggPilot2.0/dataconnect": could not find dataconnect.yaml in `/home/user/ByggPilot2.0/dataconnect`
 {"metadata":{"emulator":{"name":"dataconnect"},"message":"E1025 21:45:21.182299   24260 watch.go:31] Failed to load config from \"/home/user/ByggPilot2.0/dataconnect\": could not find dataconnect.yaml in `/home/user/ByggPilot2.0/dataconnect`\nE1025 21:45:31.180213   24260 watch.go:31] Failed to load config from \"/home/user/ByggPilot2.0/dataconnect\": could not find dataconnect.yaml in `/home/user/ByggPilot2.0/dataconnect`\nE1025 21:45:31.180266   24260 watch.go:102] watchAllDir unable to walk dir `/home/user/ByggPilot2.0/dataconnect`: lstat /home/user/ByggPilot2.0/dataconnect: no such file or directory\nE1025 21:45:41.187511   24260 watch.go:31] Failed to load config from \"/home/user/ByggPilot2.0/dataconnect\": could not find dataconnect.yaml in `/home/user/ByggPilot2.0/dataconnect`\n"}}
[debug] [2025-10-25T21:45:51.183Z] E1025 21:45:51.182767   24260 watch.go:31] Failed to load config from "/home/user/ByggPilot2.0/dataconnect": could not find dataconnect.yaml in `/home/user/ByggPilot2.0/dataconnect`
 {"metadata":{"emulator":{"name":"dataconnect"},"message":"E1025 21:45:51.182767   24260 watch.go:31] Failed to load config from \"/home/user/ByggPilot2.0/dataconnect\": could not find dataconnect.yaml in `/home/user/ByggPilot2.0/dataconnect`\n"}}
[debug] [2025-10-25T21:46:03.025Z] E1025 21:46:01.179225   24260 watch.go:31] Failed to load config from "/home/user/ByggPilot2.0/dataconnect": could not find dataconnect.yaml in `/home/user/ByggPilot2.0/dataconnect`
 {"metadata":{"emulator":{"name":"dataconnect"},"message":"E1025 21:46:01.179225   24260 watch.go:31] Failed to load config from \"/home/user/ByggPilot2.0/dataconnect\": could not find dataconnect.yaml in `/home/user/ByggPilot2.0/dataconnect`\n"}}
[debug] [2025-10-25T21:46:28.186Z] E1025 21:46:11.187334   24260 watch.go:31] Failed to load config from "/home/user/ByggPilot2.0/dataconnect": could not find dataconnect.yaml in `/home/user/ByggPilot2.0/dataconnect`
E1025 21:46:21.187395   24260 watch.go:31] Failed to load config from "/home/user/ByggPilot2.0/dataconnect": could not find dataconnect.yaml in `/home/user/ByggPilot2.0/dataconnect`
 {"metadata":{"emulator":{"name":"dataconnect"},"message":"E1025 21:46:11.187334   24260 watch.go:31] Failed to load config from \"/home/user/ByggPilot2.0/dataconnect\": could not find dataconnect.yaml in `/home/user/ByggPilot2.0/dataconnect`\nE1025 21:46:21.187395   24260 watch.go:31] Failed to load config from \"/home/user/ByggPilot2.0/dataconnect\": could not find dataconnect.yaml in `/home/user/ByggPilot2.0/dataconnect`\n"}}
[debug] [2025-10-25T21:46:31.177Z] E1025 21:46:31.177648   24260 watch.go:31] Failed to load config from "/home/user/ByggPilot2.0/dataconnect": could not find dataconnect.yaml in `/home/user/ByggPilot2.0/dataconnect`
 {"metadata":{"emulator":{"name":"dataconnect"},"message":"E1025 21:46:31.177648   24260 watch.go:31] Failed to load config from \"/home/user/ByggPilot2.0/dataconnect\": could not find dataconnect.yaml in `/home/user/ByggPilot2.0/dataconnect`\n"}}
[debug] [2025-10-25T21:46:41.186Z] E1025 21:46:41.186506   24260 watch.go:31] Failed to load config from "/home/user/ByggPilot2.0/dataconnect": could not find dataconnect.yaml in `/home/user/ByggPilot2.0/dataconnect`
 {"metadata":{"emulator":{"name":"dataconnect"},"message":"E1025 21:46:41.186506   24260 watch.go:31] Failed to load config from \"/home/user/ByggPilot2.0/dataconnect\": could not find dataconnect.yaml in `/home/user/ByggPilot2.0/dataconnect`\n"}}
[debug] [2025-10-25T21:47:04.898Z] E1025 21:46:51.186624   24260 watch.go:31] Failed to load config from "/home/user/ByggPilot2.0/dataconnect": could not find dataconnect.yaml in `/home/user/ByggPilot2.0/dataconnect`
E1025 21:47:01.177534   24260 watch.go:31] Failed to load config from "/home/user/ByggPilot2.0/dataconnect": could not find dataconnect.yaml in `/home/user/ByggPilot2.0/dataconnect`
 {"metadata":{"emulator":{"name":"dataconnect"},"message":"E1025 21:46:51.186624   24260 watch.go:31] Failed to load config from \"/home/user/ByggPilot2.0/dataconnect\": could not find dataconnect.yaml in `/home/user/ByggPilot2.0/dataconnect`\nE1025 21:47:01.177534   24260 watch.go:31] Failed to load config from \"/home/user/ByggPilot2.0/dataconnect\": could not find dataconnect.yaml in `/home/user/ByggPilot2.0/dataconnect`\n"}}
[debug] [2025-10-25T21:47:22.289Z] E1025 21:47:11.186316   24260 watch.go:31] Failed to load config from "/home/user/ByggPilot2.0/dataconnect": could not find dataconnect.yaml in `/home/user/ByggPilot2.0/dataconnect`
E1025 21:47:21.187319   24260 watch.go:31] Failed to load config from "/home/user/ByggPilot2.0/dataconnect": could not find dataconnect.yaml in `/home/user/ByggPilot2.0/dataconnect`
 {"metadata":{"emulator":{"name":"dataconnect"},"message":"E1025 21:47:11.186316   24260 watch.go:31] Failed to load config from \"/home/user/ByggPilot2.0/dataconnect\": could not find dataconnect.yaml in `/home/user/ByggPilot2.0/dataconnect`\nE1025 21:47:21.187319   24260 watch.go:31] Failed to load config from \"/home/user/ByggPilot2.0/dataconnect\": could not find dataconnect.yaml in `/home/user/ByggPilot2.0/dataconnect`\n"}}
[debug] [2025-10-25T21:47:46.766Z] E1025 21:47:31.177545   24260 watch.go:31] Failed to load config from "/home/user/ByggPilot2.0/dataconnect": could not find dataconnect.yaml in `/home/user/ByggPilot2.0/dataconnect`
E1025 21:47:31.177600   24260 watch.go:102] watchAllDir unable to walk dir `/home/user/ByggPilot2.0/dataconnect`: lstat /home/user/ByggPilot2.0/dataconnect: no such file or directory
E1025 21:47:41.186248   24260 watch.go:31] Failed to load config from "/home/user/ByggPilot2.0/dataconnect": could not find dataconnect.yaml in `/home/user/ByggPilot2.0/dataconnect`
 {"metadata":{"emulator":{"name":"dataconnect"},"message":"E1025 21:47:31.177545   24260 watch.go:31] Failed to load config from \"/home/user/ByggPilot2.0/dataconnect\": could not find dataconnect.yaml in `/home/user/ByggPilot2.0/dataconnect`\nE1025 21:47:31.177600   24260 watch.go:102] watchAllDir unable to walk dir `/home/user/ByggPilot2.0/dataconnect`: lstat /home/user/ByggPilot2.0/dataconnect: no such file or directory\nE1025 21:47:41.186248   24260 watch.go:31] Failed to load config from \"/home/user/ByggPilot2.0/dataconnect\": could not find dataconnect.yaml in `/home/user/ByggPilot2.0/dataconnect`\n"}}
[debug] [2025-10-25T21:47:51.185Z] E1025 21:47:51.185637   24260 watch.go:31] Failed to load config from "/home/user/ByggPilot2.0/dataconnect": could not find dataconnect.yaml in `/home/user/ByggPilot2.0/dataconnect`
 {"metadata":{"emulator":{"name":"dataconnect"},"message":"E1025 21:47:51.185637   24260 watch.go:31] Failed to load config from \"/home/user/ByggPilot2.0/dataconnect\": could not find dataconnect.yaml in `/home/user/ByggPilot2.0/dataconnect`\n"}}
[debug] [2025-10-25T21:48:14.932Z] E1025 21:48:01.178564   24260 watch.go:31] Failed to load config from "/home/user/ByggPilot2.0/dataconnect": could not find dataconnect.yaml in `/home/user/ByggPilot2.0/dataconnect`
E1025 21:48:11.186253   24260 watch.go:31] Failed to load config from "/home/user/ByggPilot2.0/dataconnect": could not find dataconnect.yaml in `/home/user/ByggPilot2.0/dataconnect`
 {"metadata":{"emulator":{"name":"dataconnect"},"message":"E1025 21:48:01.178564   24260 watch.go:31] Failed to load config from \"/home/user/ByggPilot2.0/dataconnect\": could not find dataconnect.yaml in `/home/user/ByggPilot2.0/dataconnect`\nE1025 21:48:11.186253   24260 watch.go:31] Failed to load config from \"/home/user/ByggPilot2.0/dataconnect\": could not find dataconnect.yaml in `/home/user/ByggPilot2.0/dataconnect`\n"}}
[debug] [2025-10-25T21:48:21.187Z] E1025 21:48:21.187390   24260 watch.go:31] Failed to load config from "/home/user/ByggPilot2.0/dataconnect": could not find dataconnect.yaml in `/home/user/ByggPilot2.0/dataconnect`
 {"metadata":{"emulator":{"name":"dataconnect"},"message":"E1025 21:48:21.187390   24260 watch.go:31] Failed to load config from \"/home/user/ByggPilot2.0/dataconnect\": could not find dataconnect.yaml in `/home/user/ByggPilot2.0/dataconnect`\n"}}
[debug] [2025-10-25T21:48:39.662Z] E1025 21:48:31.197732   24260 watch.go:31] Failed to load config from "/home/user/ByggPilot2.0/dataconnect": could not find dataconnect.yaml in `/home/user/ByggPilot2.0/dataconnect`
 {"metadata":{"emulator":{"name":"dataconnect"},"message":"E1025 21:48:31.197732   24260 watch.go:31] Failed to load config from \"/home/user/ByggPilot2.0/dataconnect\": could not find dataconnect.yaml in `/home/user/ByggPilot2.0/dataconnect`\n"}}
[debug] [2025-10-25T21:48:46.975Z] [Firebase Plugin] Activating Firebase extension.
[debug] [2025-10-25T21:48:57.913Z] [Firebase Plugin] requireAuthWrapper
[debug] [2025-10-25T21:48:57.916Z] > command requires scopes: ["email","openid","https://www.googleapis.com/auth/cloudplatformprojects.readonly","https://www.googleapis.com/auth/firebase","https://www.googleapis.com/auth/cloud-platform","https://www.googleapis.com/auth/userinfo.email"]
[debug] [2025-10-25T21:48:57.917Z] > authorizing via signed-in user (usbmicke@gmail.com)
[debug] [2025-10-25T21:48:57.922Z] Checked if tokens are valid: true, expires at: 1761430888910
[debug] [2025-10-25T21:48:57.923Z] Checked if tokens are valid: true, expires at: 1761430888910
[debug] [2025-10-25T21:48:57.924Z] [Firebase Plugin] User found:  usbmicke@gmail.com
[info] [Firebase Plugin] (Core:Project) New user detected, fetching projects
[debug] [2025-10-25T21:48:57.927Z] Checked if tokens are valid: true, expires at: 1761430888910
[debug] [2025-10-25T21:48:57.929Z] >>> [apiv2][query] GET https://firebase.googleapis.com/v1beta1/projects pageSize=1000
[debug] [2025-10-25T21:48:57.982Z] [Firebase Plugin] VSCode notification server listening on port 40001
[info] [Firebase Plugin] Starting Data Connect toolkit (version 2.15.0) on port 50001
[debug] [2025-10-25T21:49:00.078Z] 'fdc build' failed with error: Unable to build your Data Connect schema and connectors (exit code 1): E1025 21:49:00.076034   28850 cmd.go:43] Error loading data connect config: could not find dataconnect.yaml in `/home/user/ByggPilot2.0/dataconnect`
 {"metadata":{"emulator":{"name":"dataconnect"},"message":"'fdc build' failed with error: Unable to build your Data Connect schema and connectors (exit code 1): E1025 21:49:00.076034   28850 cmd.go:43] Error loading data connect config: could not find dataconnect.yaml in `/home/user/ByggPilot2.0/dataconnect`\n"}}
[debug] [2025-10-25T21:49:00.080Z] Ignoring unsupported arg: auto_download {"metadata":{"emulator":{"name":"dataconnect"},"message":"Ignoring unsupported arg: auto_download"}}
[debug] [2025-10-25T21:49:00.081Z] Ignoring unsupported arg: port {"metadata":{"emulator":{"name":"dataconnect"},"message":"Ignoring unsupported arg: port"}}
[debug] [2025-10-25T21:49:00.082Z] Starting Data Connect Emulator with command {"binary":"/home/user/.cache/firebase/emulators/dataconnect-emulator-2.15.0","args":["--logtostderr","-v=2","dev","--listen=localhost:50001","--config_dir=/home/user/ByggPilot2.0/dataconnect","--enable_output_schema_extensions=true","--enable_output_generated_sdk=true"],"optionalArgs":["listen","config_dir","enable_output_schema_extensions","enable_output_generated_sdk"],"joinArgs":true,"shell":false,"port":9399} {"metadata":{"emulator":{"name":"dataconnect"},"message":"Starting Data Connect Emulator with command {\"binary\":\"/home/user/.cache/firebase/emulators/dataconnect-emulator-2.15.0\",\"args\":[\"--logtostderr\",\"-v=2\",\"dev\",\"--listen=localhost:50001\",\"--config_dir=/home/user/ByggPilot2.0/dataconnect\",\"--enable_output_schema_extensions=true\",\"--enable_output_generated_sdk=true\"],\"optionalArgs\":[\"listen\",\"config_dir\",\"enable_output_schema_extensions\",\"enable_output_generated_sdk\"],\"joinArgs\":true,\"shell\":false,\"port\":9399}"}}
[info] i  dataconnect: Data Connect Emulator logging to dataconnect-debug.log {"metadata":{"emulator":{"name":"dataconnect"},"message":"Data Connect Emulator logging to dataconnect-debug.log"}}
[debug] [2025-10-25T21:49:00.166Z] <<< [apiv2][status] GET https://firebase.googleapis.com/v1beta1/projects 200
[debug] [2025-10-25T21:49:00.166Z] <<< [apiv2][body] GET https://firebase.googleapis.com/v1beta1/projects [omitted]
[debug] [2025-10-25T21:49:00.205Z] E1025 21:49:00.205251   28855 dev.go:79] Failed to load initial config from "/home/user/ByggPilot2.0/dataconnect": could not find dataconnect.yaml in `/home/user/ByggPilot2.0/dataconnect`
 {"metadata":{"emulator":{"name":"dataconnect"},"message":"E1025 21:49:00.205251   28855 dev.go:79] Failed to load initial config from \"/home/user/ByggPilot2.0/dataconnect\": could not find dataconnect.yaml in `/home/user/ByggPilot2.0/dataconnect`\n"}}
[debug] [2025-10-25T21:49:00.210Z] E1025 21:49:00.207573   28855 watch.go:102] watchAllDir unable to walk dir `/home/user/ByggPilot2.0/dataconnect`: lstat /home/user/ByggPilot2.0/dataconnect: no such file or directory
 {"metadata":{"emulator":{"name":"dataconnect"},"message":"E1025 21:49:00.207573   28855 watch.go:102] watchAllDir unable to walk dir `/home/user/ByggPilot2.0/dataconnect`: lstat /home/user/ByggPilot2.0/dataconnect: no such file or directory\n"}}
[debug] [2025-10-25T21:49:00.230Z] I1025 21:49:00.230136   28855 dev.go:102] Listening on address (HTTP + gRPC): 127.0.0.1:50001
 {"metadata":{"emulator":{"name":"dataconnect"},"message":"I1025 21:49:00.230136   28855 dev.go:102] Listening on address (HTTP + gRPC): 127.0.0.1:50001\n"}}
[error] [Firebase Plugin] error:  {}
[debug] [2025-10-25T21:49:13.829Z] E1025 21:49:10.208283   28855 watch.go:31] Failed to load config from "/home/user/ByggPilot2.0/dataconnect": could not find dataconnect.yaml in `/home/user/ByggPilot2.0/dataconnect`
 {"metadata":{"emulator":{"name":"dataconnect"},"message":"E1025 21:49:10.208283   28855 watch.go:31] Failed to load config from \"/home/user/ByggPilot2.0/dataconnect\": could not find dataconnect.yaml in `/home/user/ByggPilot2.0/dataconnect`\n"}}
[debug] [2025-10-25T21:49:20.208Z] E1025 21:49:20.208157   28855 watch.go:31] Failed to load config from "/home/user/ByggPilot2.0/dataconnect": could not find dataconnect.yaml in `/home/user/ByggPilot2.0/dataconnect`
 {"metadata":{"emulator":{"name":"dataconnect"},"message":"E1025 21:49:20.208157   28855 watch.go:31] Failed to load config from \"/home/user/ByggPilot2.0/dataconnect\": could not find dataconnect.yaml in `/home/user/ByggPilot2.0/dataconnect`\n"}}
